2024-10-02 19:28:22,093 [INFO] Activator:176 - 


2024-10-02 19:28:22,094 [INFO] Activator:177 - !SESSION log4j initialized
2024-10-02 19:28:24,510 [INFO] LogOutputStream:77 - [STDOUT_REDIRECT] 
2024-10-02 19:28:26,008 [INFO] ApplicationProperties:184 - Using Application install path: C:\Nuko\Programs\STM IDE\STM32CubeIDE_1.16.0\STM32CubeIDE\plugins\com.st.stm32cube.common.mx_6.12.0.202406281431
2024-10-02 19:28:26,021 [INFO] DbMcusXml:78 - Set database path to: C:\Nuko\Programs\STM IDE\STM32CubeIDE_1.16.0\STM32CubeIDE\plugins\com.st.stm32cube.common.mx_6.12.0.202406281431\\db\/mcu/
2024-10-02 19:28:26,021 [INFO] ApiDb:274 - Set plugin database path to: C:\Nuko\Programs\STM IDE\STM32CubeIDE_1.16.0\STM32CubeIDE\plugins\com.st.stm32cube.common.mx_6.12.0.202406281431\\db\/plugins/boardmanager/
2024-10-02 19:28:26,021 [WARN] ApiDb:259 - Overriding images path with different value:  => C:\Nuko\Programs\STM IDE\STM32CubeIDE_1.16.0\STM32CubeIDE\plugins\com.st.stm32cube.common.mx_6.12.0.202406281431\\db\/plugins/mcufinder/images/
2024-10-02 19:28:26,028 [INFO] ApiDb:250 - Set database path to: C:\Users\Nuko\.stmcufinder\plugins\mcufinder//mcu/
2024-10-02 19:28:26,028 [INFO] DbMcusAds:125 - Set database path to: C:\Users\Nuko\.stmcufinder\plugins\mcufinder//mcu/
2024-10-02 19:28:26,030 [INFO] CrossReferenceDbSqlite:203 - Set database path to: C:\Users\Nuko\.stmcufinder\plugins\mcufinder//mcu/cs/
2024-10-02 19:28:26,101 [INFO] RulesReader:64 - Compatibility file has been processed (297 Rules)
2024-10-02 19:28:26,156 [INFO] DbMcusXml:78 - Set database path to: C:\Nuko\Programs\STM IDE\STM32CubeIDE_1.16.0\STM32CubeIDE\plugins\com.st.stm32cube.common.mx_6.12.0.202406281431\\db\/mcu/
2024-10-02 19:28:26,156 [INFO] ApiDb:274 - Set plugin database path to: C:\Nuko\Programs\STM IDE\STM32CubeIDE_1.16.0\STM32CubeIDE\plugins\com.st.stm32cube.common.mx_6.12.0.202406281431\\db\/plugins/boardmanager/
2024-10-02 19:28:26,156 [INFO] ApiDb:261 - Set plugin images path to: C:\Nuko\Programs\STM IDE\STM32CubeIDE_1.16.0\STM32CubeIDE\plugins\com.st.stm32cube.common.mx_6.12.0.202406281431\\db\/plugins/mcufinder/images/
2024-10-02 19:28:26,156 [WARN] DbFile:41 - Overriding database path with different value: C:\Users\Nuko\.stmcufinder\plugins\mcufinder/ => C:\Users\Nuko\.stmcufinder\plugins\mcufinder
2024-10-02 19:28:26,157 [INFO] ApiDb:250 - Set database path to: C:\Users\Nuko\.stmcufinder\plugins\mcufinder//mcu/
2024-10-02 19:28:26,157 [WARN] DbFile:41 - Overriding database path with different value: C:\Users\Nuko\.stmcufinder\plugins\mcufinder/ => C:\Users\Nuko\.stmcufinder\plugins\mcufinder
2024-10-02 19:28:26,157 [INFO] DbMcusAds:125 - Set database path to: C:\Users\Nuko\.stmcufinder\plugins\mcufinder//mcu/
2024-10-02 19:28:26,157 [WARN] DbFile:41 - Overriding database path with different value: C:\Users\Nuko\.stmcufinder\plugins\mcufinder/ => C:\Users\Nuko\.stmcufinder\plugins\mcufinder
2024-10-02 19:28:26,157 [WARN] DbFile:41 - Overriding database path with different value: C:\Users\Nuko\.stmcufinder\plugins\mcufinder/ => C:\Users\Nuko\.stmcufinder\plugins\mcufinder
2024-10-02 19:28:26,157 [INFO] CrossReferenceDbSqlite:203 - Set database path to: C:\Users\Nuko\.stmcufinder\plugins\mcufinder//mcu/cs/
2024-10-02 19:28:26,208 [INFO] MainPanel:268 - HeapMemory: 541065216
2024-10-02 19:28:26,282 [INFO] DbMcusXml:78 - Set database path to: C:\Nuko\Programs\STM IDE\STM32CubeIDE_1.16.0\STM32CubeIDE\plugins\com.st.stm32cube.common.mx_6.12.0.202406281431\\db\/mcu/
2024-10-02 19:28:26,282 [INFO] ApiDb:274 - Set plugin database path to: C:\Nuko\Programs\STM IDE\STM32CubeIDE_1.16.0\STM32CubeIDE\plugins\com.st.stm32cube.common.mx_6.12.0.202406281431\\db\/plugins/boardmanager/
2024-10-02 19:28:26,282 [INFO] ApiDb:261 - Set plugin images path to: C:\Nuko\Programs\STM IDE\STM32CubeIDE_1.16.0\STM32CubeIDE\plugins\com.st.stm32cube.common.mx_6.12.0.202406281431\\db\/plugins/mcufinder/images/
2024-10-02 19:28:26,283 [WARN] DbFile:41 - Overriding database path with different value: C:\Users\Nuko\.stmcufinder\plugins\mcufinder/ => C:\Users\Nuko\.stmcufinder\plugins\mcufinder
2024-10-02 19:28:26,283 [INFO] ApiDb:250 - Set database path to: C:\Users\Nuko\.stmcufinder\plugins\mcufinder//mcu/
2024-10-02 19:28:26,283 [WARN] DbFile:41 - Overriding database path with different value: C:\Users\Nuko\.stmcufinder\plugins\mcufinder/ => C:\Users\Nuko\.stmcufinder\plugins\mcufinder
2024-10-02 19:28:26,283 [INFO] DbMcusAds:125 - Set database path to: C:\Users\Nuko\.stmcufinder\plugins\mcufinder//mcu/
2024-10-02 19:28:26,283 [WARN] DbFile:41 - Overriding database path with different value: C:\Users\Nuko\.stmcufinder\plugins\mcufinder/ => C:\Users\Nuko\.stmcufinder\plugins\mcufinder
2024-10-02 19:28:26,283 [WARN] DbFile:41 - Overriding database path with different value: C:\Users\Nuko\.stmcufinder\plugins\mcufinder/ => C:\Users\Nuko\.stmcufinder\plugins\mcufinder
2024-10-02 19:28:26,283 [INFO] CrossReferenceDbSqlite:203 - Set database path to: C:\Users\Nuko\.stmcufinder\plugins\mcufinder//mcu/cs/
2024-10-02 19:28:26,294 [INFO] ApplicationProperties:184 - Using Application install path: C:\Nuko\Programs\STM IDE\STM32CubeIDE_1.16.0\STM32CubeIDE\plugins\com.st.stm32cube.common.mx_6.12.0.202406281431
2024-10-02 19:28:26,295 [INFO] PluginManage:196 - Search for loadable plugins [exclusion list=, ]
2024-10-02 19:28:26,296 [INFO] PluginManage:310 - Check plugin analytics
2024-10-02 19:28:26,398 [INFO] AnalyticsPlugin:253 - Accepted Software Licenses: 
2024-10-02 19:28:26,398 [INFO] AnalyticsPlugin:255 - Accepted CMSIS Pack Licenses: 
2024-10-02 19:28:26,398 [INFO] AnalyticsPlugin:257 - Accepted Firmware Licenses: FW.F4.1.28.0
2024-10-02 19:28:26,400 [INFO] PluginManage:359 - Loaded plugin analytics (category:tool,tabindex:-1)
2024-10-02 19:28:26,400 [INFO] PluginManage:310 - Check plugin cadmodel
2024-10-02 19:28:26,410 [INFO] CADModel:105 - Init CAD model plugin
2024-10-02 19:28:26,410 [INFO] PluginManage:359 - Loaded plugin cadmodel (category:power,tabindex:5)
2024-10-02 19:28:26,410 [INFO] PluginManage:310 - Check plugin clock
2024-10-02 19:28:26,422 [INFO] PluginManage:359 - Loaded plugin clock (category:base,tabindex:2)
2024-10-02 19:28:26,422 [INFO] PluginManage:310 - Check plugin ddr
2024-10-02 19:28:26,424 [INFO] PluginManage:359 - Loaded plugin ddr (category:tool,tabindex:6)
2024-10-02 19:28:26,424 [INFO] PluginManage:310 - Check plugin filemanager
2024-10-02 19:28:26,524 [INFO] PluginManage:359 - Loaded plugin filemanager (category:base,tabindex:10)
2024-10-02 19:28:26,524 [INFO] PluginManage:310 - Check plugin ipmanager
2024-10-02 19:28:26,530 [INFO] PluginManage:359 - Loaded plugin ipmanager (category:base,tabindex:5)
2024-10-02 19:28:26,530 [INFO] PluginManage:310 - Check plugin lpbam
2024-10-02 19:28:26,541 [INFO] PluginManage:359 - Loaded plugin lpbam (category:base,tabindex:0)
2024-10-02 19:28:26,541 [INFO] PluginManage:310 - Check plugin memorymap
2024-10-02 19:28:26,558 [INFO] PluginManage:359 - Loaded plugin memorymap (category:base,tabindex:4)
2024-10-02 19:28:26,558 [INFO] PluginManage:310 - Check plugin pinoutandconfiguration
2024-10-02 19:28:26,570 [INFO] PluginManage:359 - Loaded plugin pinoutandconfiguration (category:base,tabindex:1)
2024-10-02 19:28:26,570 [INFO] PluginManage:310 - Check plugin pinoutconfig
2024-10-02 19:28:26,626 [WARN] SupportedApi:132 - Cannot load RTOS API schema: s4s-elt-must-match.1: The content of 'definitions' must match (annotation?, (simpleType | complexType)?, (unique | key | keyref)*)). A problem was found starting at: attribute.
2024-10-02 19:28:26,748 [INFO] PluginManage:359 - Loaded plugin pinoutconfig (category:base,tabindex:0)
2024-10-02 19:28:26,748 [INFO] PluginManage:310 - Check plugin power
2024-10-02 19:28:26,761 [INFO] PluginManage:359 - Loaded plugin power (category:power,tabindex:4)
2024-10-02 19:28:26,761 [INFO] PluginManage:310 - Check plugin projectmanager
2024-10-02 19:28:26,771 [INFO] PluginManage:359 - Loaded plugin projectmanager (category:projectmanager,tabindex:4)
2024-10-02 19:28:26,771 [INFO] PluginManage:310 - Check plugin rif
2024-10-02 19:28:26,781 [INFO] PluginManage:359 - Loaded plugin rif (category:base,tabindex:3)
2024-10-02 19:28:26,782 [INFO] PluginManage:310 - Check plugin thirdparty
2024-10-02 19:28:26,974 [INFO] PluginManage:359 - Loaded plugin thirdparty (category:base,tabindex:-1)
2024-10-02 19:28:26,974 [INFO] PluginManage:310 - Check plugin tools
2024-10-02 19:28:26,974 [WARN] IntegrityCheckThread:84 - waiting for thirdparty lock release [integrity check]
2024-10-02 19:28:26,974 [INFO] IntegrityCheckThread:86 - entering critical section [integrity check]
2024-10-02 19:28:26,974 [INFO] ThirdPartyUpdaterWithRetryManager:70 - Updater plugin not ready yet. [1/15]
2024-10-02 19:28:26,996 [INFO] PluginManage:359 - Loaded plugin tools (category:base,tabindex:7)
2024-10-02 19:28:26,996 [INFO] PluginManage:310 - Check plugin tutovideos
2024-10-02 19:28:27,108 [INFO] PluginManage:359 - Loaded plugin tutovideos (category:base,tabindex:-1)
2024-10-02 19:28:27,108 [INFO] PluginManage:310 - Check plugin updater
2024-10-02 19:28:27,119 [INFO] PluginManage:359 - Loaded plugin updater (category:base,tabindex:12)
2024-10-02 19:28:27,119 [INFO] PluginManage:310 - Check plugin userauth
2024-10-02 19:28:27,122 [INFO] UserAuth:113 - Init User Auth plugin
2024-10-02 19:28:27,122 [INFO] PluginManage:359 - Loaded plugin userauth (category:base,tabindex:14)
2024-10-02 19:28:27,122 [INFO] PluginManage:283 - PluginManage : Loaded plugins [18]
2024-10-02 19:28:27,244 [INFO] PinOutPanel:1561 - setPackage(No Configuration,No Configuration)
2024-10-02 19:28:27,292 [INFO] CADModel:165 - CPN selected for project level
2024-10-02 19:28:27,292 [INFO] CADModel:114 - Register for checkConnection events
2024-10-02 19:28:27,313 [INFO] IPUIPlugin:80 - create IPUIPlugin
2024-10-02 19:28:27,314 [INFO] PluginManager:220 - loadIPPluginJar : add adc
2024-10-02 19:28:27,348 [INFO] IPUIPlugin:80 - create IPUIPlugin
2024-10-02 19:28:27,348 [INFO] PluginManager:220 - loadIPPluginJar : add aes
2024-10-02 19:28:27,373 [INFO] IPUIPlugin:80 - create IPUIPlugin
2024-10-02 19:28:27,373 [INFO] PluginManager:220 - loadIPPluginJar : add can
2024-10-02 19:28:27,389 [INFO] IPUIPlugin:80 - create IPUIPlugin
2024-10-02 19:28:27,390 [INFO] PluginManager:220 - loadIPPluginJar : add comp
2024-10-02 19:28:27,416 [INFO] IPUIPlugin:80 - create IPUIPlugin
2024-10-02 19:28:27,417 [INFO] PluginManager:220 - loadIPPluginJar : add cryp
2024-10-02 19:28:27,428 [INFO] IPUIPlugin:80 - create IPUIPlugin
2024-10-02 19:28:27,428 [INFO] PluginManager:220 - loadIPPluginJar : add ddr_ctrl_phy
2024-10-02 19:28:27,460 [INFO] IPUIPlugin:80 - create IPUIPlugin
2024-10-02 19:28:27,460 [INFO] PluginManager:220 - loadIPPluginJar : add dfsdm
2024-10-02 19:28:27,471 [INFO] IPUIPlugin:80 - create IPUIPlugin
2024-10-02 19:28:27,471 [INFO] PluginManager:220 - loadIPPluginJar : add dma
2024-10-02 19:28:27,519 [INFO] IPUIPlugin:80 - create IPUIPlugin
2024-10-02 19:28:27,519 [INFO] PluginManager:220 - loadIPPluginJar : add dma3
2024-10-02 19:28:27,561 [INFO] IPUIPlugin:80 - create IPUIPlugin
2024-10-02 19:28:27,561 [INFO] PluginManager:220 - loadIPPluginJar : add extmemmanager
2024-10-02 19:28:27,578 [INFO] IPUIPlugin:80 - create IPUIPlugin
2024-10-02 19:28:27,579 [INFO] PluginManager:220 - loadIPPluginJar : add fatfs
2024-10-02 19:28:27,616 [INFO] IPUIPlugin:80 - create IPUIPlugin
2024-10-02 19:28:27,616 [INFO] PluginManager:220 - loadIPPluginJar : add fmc
2024-10-02 19:28:27,626 [INFO] IPUIPlugin:80 - create IPUIPlugin
2024-10-02 19:28:27,627 [INFO] PluginManager:220 - loadIPPluginJar : add freertos
2024-10-02 19:28:27,640 [INFO] IPUIPlugin:80 - create IPUIPlugin
2024-10-02 19:28:27,640 [INFO] PluginManager:220 - loadIPPluginJar : add genericplugin
2024-10-02 19:28:27,701 [INFO] IPUIPlugin:80 - create IPUIPlugin
2024-10-02 19:28:27,701 [INFO] PluginManager:220 - loadIPPluginJar : add gfxmmu
2024-10-02 19:28:27,811 [INFO] IPUIPlugin:80 - create IPUIPlugin
2024-10-02 19:28:27,811 [INFO] PluginManager:220 - loadIPPluginJar : add gic
2024-10-02 19:28:27,820 [INFO] IPUIPlugin:80 - create IPUIPlugin
2024-10-02 19:28:27,820 [INFO] PluginManager:220 - loadIPPluginJar : add gpio
2024-10-02 19:28:27,916 [INFO] IPUIPlugin:80 - create IPUIPlugin
2024-10-02 19:28:27,916 [INFO] PluginManager:220 - loadIPPluginJar : add gtzc
2024-10-02 19:28:27,947 [INFO] IPUIPlugin:80 - create IPUIPlugin
2024-10-02 19:28:27,947 [INFO] PluginManager:220 - loadIPPluginJar : add hash
2024-10-02 19:28:27,995 [INFO] IPUIPlugin:80 - create IPUIPlugin
2024-10-02 19:28:27,995 [INFO] PluginManager:220 - loadIPPluginJar : add i2c
2024-10-02 19:28:28,032 [INFO] IPUIPlugin:80 - create IPUIPlugin
2024-10-02 19:28:28,032 [INFO] PluginManager:220 - loadIPPluginJar : add i2s
2024-10-02 19:28:28,070 [INFO] IPUIPlugin:80 - create IPUIPlugin
2024-10-02 19:28:28,070 [INFO] PluginManager:220 - loadIPPluginJar : add i3c
2024-10-02 19:28:28,170 [INFO] IPUIPlugin:80 - create IPUIPlugin
2024-10-02 19:28:28,170 [INFO] PluginManager:220 - loadIPPluginJar : add ipddr
2024-10-02 19:28:28,266 [INFO] IPUIPlugin:80 - create IPUIPlugin
2024-10-02 19:28:28,267 [INFO] PluginManager:220 - loadIPPluginJar : add linkedlist
2024-10-02 19:28:28,303 [INFO] IPUIPlugin:80 - create IPUIPlugin
2024-10-02 19:28:28,303 [INFO] PluginManager:220 - loadIPPluginJar : add lorawan
2024-10-02 19:28:28,340 [INFO] IPUIPlugin:80 - create IPUIPlugin
2024-10-02 19:28:28,340 [INFO] PluginManager:220 - loadIPPluginJar : add ltdc
2024-10-02 19:28:28,350 [INFO] IPUIPlugin:80 - create IPUIPlugin
2024-10-02 19:28:28,350 [INFO] PluginManager:220 - loadIPPluginJar : add mdma
2024-10-02 19:28:28,359 [INFO] IPUIPlugin:80 - create IPUIPlugin
2024-10-02 19:28:28,359 [INFO] PluginManager:220 - loadIPPluginJar : add nvic
2024-10-02 19:28:28,385 [INFO] IPUIPlugin:80 - create IPUIPlugin
2024-10-02 19:28:28,386 [INFO] PluginManager:220 - loadIPPluginJar : add opamp
2024-10-02 19:28:28,439 [INFO] IPUIPlugin:80 - create IPUIPlugin
2024-10-02 19:28:28,440 [INFO] PluginManager:220 - loadIPPluginJar : add openamp
2024-10-02 19:28:28,478 [INFO] IPUIPlugin:80 - create IPUIPlugin
2024-10-02 19:28:28,478 [INFO] PluginManager:220 - loadIPPluginJar : add pdm2pcm
2024-10-02 19:28:28,488 [INFO] IPUIPlugin:80 - create IPUIPlugin
2024-10-02 19:28:28,489 [INFO] PluginManager:220 - loadIPPluginJar : add plateformsettings
2024-10-02 19:28:28,504 [INFO] IPUIPlugin:80 - create IPUIPlugin
2024-10-02 19:28:28,504 [INFO] PluginManager:220 - loadIPPluginJar : add quadspi
2024-10-02 19:28:28,520 [INFO] IPUIPlugin:80 - create IPUIPlugin
2024-10-02 19:28:28,520 [INFO] PluginManager:220 - loadIPPluginJar : add radio
2024-10-02 19:28:28,529 [INFO] IPUIPlugin:80 - create IPUIPlugin
2024-10-02 19:28:28,529 [INFO] PluginManager:220 - loadIPPluginJar : add resmgrutility
2024-10-02 19:28:28,571 [INFO] IPUIPlugin:80 - create IPUIPlugin
2024-10-02 19:28:28,571 [INFO] PluginManager:220 - loadIPPluginJar : add sai
2024-10-02 19:28:28,601 [INFO] IPUIPlugin:80 - create IPUIPlugin
2024-10-02 19:28:28,601 [INFO] PluginManager:220 - loadIPPluginJar : add spi
2024-10-02 19:28:28,666 [INFO] IPUIPlugin:80 - create IPUIPlugin
2024-10-02 19:28:28,666 [INFO] PluginManager:220 - loadIPPluginJar : add stm32_wpan
2024-10-02 19:28:28,684 [INFO] IPUIPlugin:80 - create IPUIPlugin
2024-10-02 19:28:28,684 [INFO] PluginManager:220 - loadIPPluginJar : add tim
2024-10-02 19:28:28,736 [INFO] IPUIPlugin:80 - create IPUIPlugin
2024-10-02 19:28:28,736 [INFO] PluginManager:220 - loadIPPluginJar : add touchsensing
2024-10-02 19:28:28,752 [INFO] IPUIPlugin:80 - create IPUIPlugin
2024-10-02 19:28:28,752 [INFO] PluginManager:220 - loadIPPluginJar : add tracer_emb
2024-10-02 19:28:28,768 [INFO] IPUIPlugin:80 - create IPUIPlugin
2024-10-02 19:28:28,768 [INFO] PluginManager:220 - loadIPPluginJar : add ts
2024-10-02 19:28:28,785 [INFO] IPUIPlugin:80 - create IPUIPlugin
2024-10-02 19:28:28,786 [INFO] PluginManager:220 - loadIPPluginJar : add tsc
2024-10-02 19:28:28,809 [INFO] IPUIPlugin:80 - create IPUIPlugin
2024-10-02 19:28:28,809 [INFO] PluginManager:220 - loadIPPluginJar : add ucpd
2024-10-02 19:28:28,855 [INFO] IPUIPlugin:80 - create IPUIPlugin
2024-10-02 19:28:28,855 [INFO] PluginManager:220 - loadIPPluginJar : add usart
2024-10-02 19:28:28,896 [INFO] IPUIPlugin:80 - create IPUIPlugin
2024-10-02 19:28:28,897 [INFO] PluginManager:220 - loadIPPluginJar : add usbx
2024-10-02 19:28:28,999 [INFO] CADModel:165 - CPN selected for project level
2024-10-02 19:28:28,999 [INFO] CADModel:114 - Register for checkConnection events
2024-10-02 19:28:28,999 [FATAL] Updater:334 - Updater called before beeing initialized
2024-10-02 19:28:28,999 [ERROR] CADModel:125 - Updater not yet initialized, retry later 
2024-10-02 19:28:29,092 [INFO] CADModel:165 - CPN selected for project level
2024-10-02 19:28:29,092 [INFO] CADModel:114 - Register for checkConnection events
2024-10-02 19:28:29,092 [FATAL] Updater:334 - Updater called before beeing initialized
2024-10-02 19:28:29,092 [ERROR] CADModel:125 - Updater not yet initialized, retry later 
2024-10-02 19:28:29,094 [FATAL] Updater:334 - Updater called before beeing initialized
2024-10-02 19:28:29,153 [FATAL] Updater:334 - Updater called before beeing initialized
2024-10-02 19:28:29,160 [INFO] DbMcusAds:53 - JSON generation date=Thu May 16 16:22:00 GMT+07:00 2024 (1715851320667)
2024-10-02 19:28:29,160 [FATAL] Updater:334 - Updater called before beeing initialized
2024-10-02 19:28:29,185 [WARN] DetailPanel:346 - Failed to get advertising image, set to default
2024-10-02 19:28:29,237 [FATAL] Updater:334 - Updater called before beeing initialized
2024-10-02 19:28:29,239 [FATAL] Updater:334 - Updater called before beeing initialized
2024-10-02 19:28:29,239 [FATAL] Updater:334 - Updater called before beeing initialized
2024-10-02 19:28:29,239 [WARN] DetailPanel:346 - Failed to get advertising image, set to default
2024-10-02 19:28:29,239 [FATAL] Updater:334 - Updater called before beeing initialized
2024-10-02 19:28:29,281 [ERROR] Updater:1164 - MainUpdater not yet initialized. External WinMGr cannot be set.
2024-10-02 19:28:29,288 [INFO] Updater:1100 - Updater Version found : 6.12.0
2024-10-02 19:28:29,301 [INFO] ApplicationProperties:184 - Using Application install path: C:\Nuko\Programs\STM IDE\STM32CubeIDE_1.16.0\STM32CubeIDE\plugins\com.st.stm32cube.common.mx_6.12.0.202406281431
2024-10-02 19:28:29,975 [INFO] ThirdPartyUpdaterWithRetryManager:70 - Updater plugin not ready yet. [2/15]
2024-10-02 19:28:30,904 [ERROR] LogOutputStream:75 - [STDERR_REDIRECT] Oct 02, 2024 7:28:30 PM java.util.prefs.WindowsPreferences <init>
2024-10-02 19:28:30,905 [ERROR] LogOutputStream:75 - [STDERR_REDIRECT] WARNING: Could not open/create prefs root node Software\JavaSoft\Prefs at root 0xffffffff80000002. Windows RegCreateKeyEx(...) returned error code 5.
2024-10-02 19:28:30,905 [ERROR] LogOutputStream:75 - [STDERR_REDIRECT] 
2024-10-02 19:28:31,137 [INFO] MainUpdater:2873 - connection check result : 10
2024-10-02 19:28:31,137 [INFO] MainUpdater:290 - Updater Check For Update Now.
2024-10-02 19:28:31,137 [INFO] MicroXplorer:498 - Change Database Version : DB.6.0.120
2024-10-02 19:28:31,146 [INFO] McuFinderGlobals:63 - Set McuFinder mode to 2 (CubeIDE integrated)
2024-10-02 19:28:31,146 [INFO] UserAuth:179 - activating auth plugin
2024-10-02 19:28:31,148 [INFO] UserAuth:417 - Internet connection configuration mode: 1
2024-10-02 19:28:31,177 [INFO] JxBrowserEngine:152 - Initiate JxBrowser Engine with user profile folder
2024-10-02 19:28:31,312 [INFO] CheckServerUpdateThread:120 - End of CheckServer Thread
2024-10-02 19:28:32,930 [INFO] WebApp:167 - Instantiating new browser for Auth
2024-10-02 19:28:33,109 [WARN] PackLoader:240 - Cannot read IP mode file for STMicroelectronics.FP-SNS-MOTENVWB1.1.4.0
2024-10-02 19:28:33,123 [WARN] PackLoader:240 - Cannot read IP mode file for STMicroelectronics.X-CUBE-SMBUS.2.1.0
2024-10-02 19:28:33,152 [WARN] PackLoader:240 - Cannot read IP mode file for STMicroelectronics.X-CUBE-AZRTOS-F7.1.1.0
2024-10-02 19:28:33,234 [WARN] PackLoader:240 - Cannot read IP mode file for STMicroelectronics.X-CUBE-MEMS1.11.0.0
2024-10-02 19:28:33,332 [WARN] PackLoader:240 - Cannot read IP mode file for STMicroelectronics.FP-SNS-FLIGHT1.5.0.2
2024-10-02 19:28:33,344 [WARN] PackLoader:240 - Cannot read IP mode file for STMicroelectronics.X-CUBE-DISPLAY.3.0.0
2024-10-02 19:28:33,356 [WARN] PackLoader:240 - Cannot read IP mode file for STMicroelectronics.X-CUBE-BLE1.7.0.0
2024-10-02 19:28:33,365 [WARN] PackLoader:240 - Cannot read IP mode file for STMicroelectronics.X-CUBE-NFC10.1.0.0
2024-10-02 19:28:33,375 [WARN] PackLoader:240 - Cannot read IP mode file for emotas.I-CUBE-CANOPEN.1.3.0
2024-10-02 19:28:33,386 [WARN] PackLoader:240 - Cannot read IP mode file for STMicroelectronics.X-CUBE-BLEMGR.3.1.0
2024-10-02 19:28:33,395 [WARN] PackLoader:240 - Cannot read IP mode file for STMicroelectronics.FP-SNS-SMARTAG2.1.2.0
2024-10-02 19:28:33,410 [INFO] LogOutputStream:77 - [STDOUT_REDIRECT] 1 : Invalid condition id : UX_CORESTACK_Condition cause : null
2024-10-02 19:28:33,411 [INFO] LogOutputStream:77 - [STDOUT_REDIRECT] 1 : Invalid condition id : UX_CORESTACK_Condition cause : null
2024-10-02 19:28:33,411 [INFO] LogOutputStream:77 - [STDOUT_REDIRECT] 1 : Invalid condition id : UX_CORESTACK_Condition cause : null
2024-10-02 19:28:33,412 [INFO] LogOutputStream:77 - [STDOUT_REDIRECT] 1 : Invalid condition id : UX_CORESTACK_Condition cause : null
2024-10-02 19:28:33,413 [INFO] LogOutputStream:77 - [STDOUT_REDIRECT] 1 : Invalid condition id : UX_CORESTACK_Condition cause : null
2024-10-02 19:28:33,415 [WARN] PackLoader:240 - Cannot read IP mode file for STMicroelectronics.X-CUBE-AZRTOS-WL.2.0.0
2024-10-02 19:28:33,425 [WARN] PackLoader:240 - Cannot read IP mode file for STMicroelectronics.FP-SNS-MOTENV1.5.0.0
2024-10-02 19:28:33,433 [WARN] PackLoader:240 - Cannot read IP mode file for wolfSSL.I-CUBE-wolfMQTT.1.19.0
2024-10-02 19:28:33,446 [WARN] PackLoader:240 - Cannot read IP mode file for WES.I-CUBE-Cesium.1.3.0
2024-10-02 19:28:33,456 [WARN] PackLoader:240 - Cannot read IP mode file for STMicroelectronics.X-CUBE-BLE2.3.3.0
2024-10-02 19:28:33,468 [WARN] PackLoader:240 - Cannot read IP mode file for STMicroelectronics.X-CUBE-NFC9.1.0.0
2024-10-02 19:28:33,479 [WARN] PackLoader:240 - Cannot read IP mode file for STMicroelectronics.X-CUBE-TCPP.4.1.0
2024-10-02 19:28:33,496 [WARN] PackLoader:240 - Cannot read IP mode file for STMicroelectronics.X-CUBE-AZRTOS-G0.1.1.0
2024-10-02 19:28:33,506 [WARN] PackLoader:240 - Cannot read IP mode file for STMicroelectronics.X-CUBE-SAFEA1.1.2.2
2024-10-02 19:28:33,515 [WARN] PackLoader:240 - Cannot read IP mode file for STMicroelectronics.X-CUBE-NFC4.3.0.0
2024-10-02 19:28:33,534 [WARN] PackLoader:240 - Cannot read IP mode file for EmbeddedOffice.I-CUBE-FS-RTOS.1.0.1
2024-10-02 19:28:33,534 [ERROR] ConditionMgr:805 - Attr not supported : Dmpu
2024-10-02 19:28:33,534 [ERROR] ConditionMgr:805 - Attr not supported : Dmpu
2024-10-02 19:28:33,534 [ERROR] ConditionMgr:805 - Attr not supported : Dmpu
2024-10-02 19:28:33,534 [ERROR] ConditionMgr:805 - Attr not supported : Dmpu
2024-10-02 19:28:33,534 [ERROR] ConditionMgr:805 - Attr not supported : Dmpu
2024-10-02 19:28:33,534 [ERROR] ConditionMgr:805 - Attr not supported : Dmpu
2024-10-02 19:28:33,534 [ERROR] ConditionMgr:805 - Attr not supported : Dmpu
2024-10-02 19:28:33,534 [ERROR] ConditionMgr:805 - Attr not supported : Dmpu
2024-10-02 19:28:33,534 [ERROR] ConditionMgr:805 - Attr not supported : Dmpu
2024-10-02 19:28:33,535 [ERROR] ConditionMgr:805 - Attr not supported : Dmpu
2024-10-02 19:28:33,535 [ERROR] ConditionMgr:805 - Attr not supported : Dmpu
2024-10-02 19:28:33,535 [ERROR] ConditionMgr:805 - Attr not supported : Dmpu
2024-10-02 19:28:33,535 [ERROR] ConditionMgr:805 - Attr not supported : Dmpu
2024-10-02 19:28:33,535 [ERROR] ConditionMgr:805 - Attr not supported : Dmpu
2024-10-02 19:28:33,535 [ERROR] ConditionMgr:805 - Attr not supported : Dmpu
2024-10-02 19:28:33,535 [ERROR] ConditionMgr:805 - Attr not supported : Dmpu
2024-10-02 19:28:33,535 [ERROR] ConditionMgr:805 - Attr not supported : Dmpu
2024-10-02 19:28:33,535 [ERROR] ConditionMgr:805 - Attr not supported : Dmpu
2024-10-02 19:28:33,535 [ERROR] ConditionMgr:805 - Attr not supported : Dmpu
2024-10-02 19:28:33,535 [ERROR] ConditionMgr:805 - Attr not supported : Dmpu
2024-10-02 19:28:33,535 [ERROR] ConditionMgr:805 - Attr not supported : Dmpu
2024-10-02 19:28:33,535 [ERROR] ConditionMgr:805 - Attr not supported : Dmpu
2024-10-02 19:28:33,535 [ERROR] ConditionMgr:805 - Attr not supported : Dmpu
2024-10-02 19:28:33,535 [ERROR] ConditionMgr:805 - Attr not supported : Dmpu
2024-10-02 19:28:33,535 [ERROR] ConditionMgr:805 - Attr not supported : Dmpu
2024-10-02 19:28:33,535 [ERROR] ConditionMgr:805 - Attr not supported : Dmpu
2024-10-02 19:28:33,535 [ERROR] ConditionMgr:805 - Attr not supported : Dmpu
2024-10-02 19:28:33,535 [ERROR] ConditionMgr:805 - Attr not supported : Dmpu
2024-10-02 19:28:33,535 [ERROR] ConditionMgr:805 - Attr not supported : Dmpu
2024-10-02 19:28:33,535 [ERROR] ConditionMgr:805 - Attr not supported : Dmpu
2024-10-02 19:28:33,535 [ERROR] ConditionMgr:805 - Attr not supported : Dmpu
2024-10-02 19:28:33,535 [ERROR] ConditionMgr:805 - Attr not supported : Dmpu
2024-10-02 19:28:33,535 [ERROR] ConditionMgr:805 - Attr not supported : Dmpu
2024-10-02 19:28:33,535 [ERROR] ConditionMgr:805 - Attr not supported : Dmpu
2024-10-02 19:28:33,535 [ERROR] ConditionMgr:805 - Attr not supported : Dmpu
2024-10-02 19:28:33,535 [ERROR] ConditionMgr:805 - Attr not supported : Dmpu
2024-10-02 19:28:33,535 [ERROR] ConditionMgr:805 - Attr not supported : Dmpu
2024-10-02 19:28:33,535 [ERROR] ConditionMgr:805 - Attr not supported : Dmpu
2024-10-02 19:28:33,535 [ERROR] ConditionMgr:805 - Attr not supported : Dmpu
2024-10-02 19:28:33,535 [ERROR] ConditionMgr:805 - Attr not supported : Dmpu
2024-10-02 19:28:33,535 [ERROR] ConditionMgr:805 - Attr not supported : Dmpu
2024-10-02 19:28:33,535 [ERROR] ConditionMgr:805 - Attr not supported : Dmpu
2024-10-02 19:28:33,536 [ERROR] ConditionMgr:805 - Attr not supported : Dmpu
2024-10-02 19:28:33,536 [ERROR] ConditionMgr:805 - Attr not supported : Dmpu
2024-10-02 19:28:33,536 [ERROR] ConditionMgr:805 - Attr not supported : Dmpu
2024-10-02 19:28:33,536 [ERROR] ConditionMgr:805 - Attr not supported : Dmpu
2024-10-02 19:28:33,536 [ERROR] ConditionMgr:805 - Attr not supported : Dmpu
2024-10-02 19:28:33,536 [ERROR] ConditionMgr:805 - Attr not supported : Dmpu
2024-10-02 19:28:33,536 [ERROR] ConditionMgr:805 - Attr not supported : Dmpu
2024-10-02 19:28:33,536 [ERROR] ConditionMgr:805 - Attr not supported : Dmpu
2024-10-02 19:28:33,536 [ERROR] ConditionMgr:805 - Attr not supported : Dmpu
2024-10-02 19:28:33,536 [ERROR] ConditionMgr:805 - Attr not supported : Dmpu
2024-10-02 19:28:33,536 [ERROR] ConditionMgr:805 - Attr not supported : Dmpu
2024-10-02 19:28:33,536 [ERROR] ConditionMgr:805 - Attr not supported : Dmpu
2024-10-02 19:28:33,536 [ERROR] ConditionMgr:805 - Attr not supported : Dmpu
2024-10-02 19:28:33,536 [ERROR] ConditionMgr:805 - Attr not supported : Dmpu
2024-10-02 19:28:33,536 [ERROR] ConditionMgr:805 - Attr not supported : Dmpu
2024-10-02 19:28:33,536 [ERROR] ConditionMgr:805 - Attr not supported : Dmpu
2024-10-02 19:28:33,536 [ERROR] ConditionMgr:805 - Attr not supported : Dmpu
2024-10-02 19:28:33,536 [ERROR] ConditionMgr:805 - Attr not supported : Dmpu
2024-10-02 19:28:33,536 [ERROR] ConditionMgr:805 - Attr not supported : Dmpu
2024-10-02 19:28:33,536 [ERROR] ConditionMgr:805 - Attr not supported : Dmpu
2024-10-02 19:28:33,536 [ERROR] ConditionMgr:805 - Attr not supported : Dmpu
2024-10-02 19:28:33,536 [ERROR] ConditionMgr:805 - Attr not supported : Dmpu
2024-10-02 19:28:33,545 [WARN] PackLoader:240 - Cannot read IP mode file for RealThread.X-CUBE-RT-Thread_Nano.4.1.1
2024-10-02 19:28:33,554 [WARN] PackLoader:240 - Cannot read IP mode file for STMicroelectronics.FP-ATR-SIGFOX1.3.2.0
2024-10-02 19:28:33,562 [WARN] PackLoader:240 - Cannot read IP mode file for wolfSSL.I-CUBE-wolfSSL.5.7.2
2024-10-02 19:28:33,572 [WARN] PackLoader:240 - Cannot read IP mode file for STMicroelectronics.X-CUBE-EEPRMA1.5.1.0
2024-10-02 19:28:33,584 [WARN] PackLoader:240 - Cannot read IP mode file for ITTIA_DB.I-CUBE-ITTIADB.8.9.0
2024-10-02 19:28:33,607 [WARN] PackLoader:240 - Cannot read IP mode file for SEGGER.I-CUBE-embOS.1.3.1
2024-10-02 19:28:33,630 [WARN] PackLoader:240 - Cannot read IP mode file for STMicroelectronics.X-CUBE-ALGOBUILD.1.4.0
2024-10-02 19:28:33,639 [WARN] PackLoader:240 - Cannot read IP mode file for STMicroelectronics.X-CUBE-AI.9.1.0
2024-10-02 19:28:33,649 [WARN] PackLoader:240 - Cannot read IP mode file for STMicroelectronics.X-CUBE-GNSS1.6.0.0
2024-10-02 19:28:33,668 [WARN] PackLoader:240 - Cannot read IP mode file for STMicroelectronics.X-CUBE-AZRTOS-F4.1.1.0
2024-10-02 19:28:33,679 [WARN] PackLoader:240 - Cannot read IP mode file for STMicroelectronics.X-CUBE-ISPU.2.1.0
2024-10-02 19:28:33,687 [WARN] PackLoader:240 - Cannot read IP mode file for STMicroelectronics.X-CUBE-FREERTOS.1.2.0
2024-10-02 19:28:33,707 [WARN] PackLoader:240 - Cannot read IP mode file for STMicroelectronics.X-CUBE-AZRTOS-L5.2.0.0
2024-10-02 19:28:33,719 [WARN] PackLoader:240 - Cannot read IP mode file for STMicroelectronics.X-CUBE-NFC6.3.1.0
2024-10-02 19:28:33,731 [WARN] PackLoader:240 - Cannot read IP mode file for STMicroelectronics.X-CUBE-DPower.1.2.0
2024-10-02 19:28:33,740 [WARN] PackLoader:240 - Cannot read IP mode file for STMicroelectronics.X-CUBE-AI.9.0.0
2024-10-02 19:28:33,750 [WARN] PackLoader:240 - Cannot read IP mode file for STMicroelectronics.X-CUBE-NFC7.1.0.1
2024-10-02 19:28:33,760 [WARN] PackLoader:240 - Cannot read IP mode file for wolfSSL.I-CUBE-wolfTPM.3.2.0
2024-10-02 19:28:33,778 [WARN] ConditionMgr:438 - getConditionDescription Invalid condition id : LAN8742 Phy interface Condition cause : null
2024-10-02 19:28:33,778 [WARN] PackLoader:240 - Cannot read IP mode file for STMicroelectronics.X-CUBE-AZRTOS-L4.2.0.0
2024-10-02 19:28:33,779 [WARN] ConditionMgr:1039 - genDependencies : Invalid condition id : LAN8742 Phy interface Condition cause : null
2024-10-02 19:28:33,779 [WARN] ConditionMgr:1039 - genDependencies : Invalid condition id : LAN8742 Phy interface Condition cause : null
2024-10-02 19:28:33,779 [WARN] ConditionMgr:1039 - genDependencies : Invalid condition id : LAN8742 Phy interface Condition cause : null
2024-10-02 19:28:33,795 [WARN] PackLoader:240 - Cannot read IP mode file for STMicroelectronics.X-CUBE-SFXS2LP1.4.0.0
2024-10-02 19:28:33,813 [WARN] PackLoader:240 - Cannot read IP mode file for STMicroelectronics.X-CUBE-AZRTOS-H7.3.3.0
2024-10-02 19:28:33,832 [WARN] ConditionMgr:438 - getConditionDescription Invalid condition id : UX DEVICE CLASS RTOS Condition cause : null
2024-10-02 19:28:33,832 [WARN] ConditionMgr:438 - getConditionDescription Invalid condition id : UX DEVICE CLASS RTOS Condition cause : null
2024-10-02 19:28:33,833 [WARN] PackLoader:240 - Cannot read IP mode file for STMicroelectronics.X-CUBE-AZRTOS-WB.2.0.0
2024-10-02 19:28:33,833 [WARN] ConditionMgr:1039 - genDependencies : Invalid condition id : UX DEVICE CLASS RTOS Condition cause : null
2024-10-02 19:28:33,833 [WARN] ConditionMgr:1039 - genDependencies : Invalid condition id : UX DEVICE CLASS RTOS Condition cause : null
2024-10-02 19:28:33,833 [WARN] ConditionMgr:1039 - genDependencies : Invalid condition id : UX DEVICE CLASS RTOS Condition cause : null
2024-10-02 19:28:33,834 [WARN] ConditionMgr:1039 - genDependencies : Invalid condition id : UX DEVICE CLASS RTOS Condition cause : null
2024-10-02 19:28:33,834 [WARN] ConditionMgr:1039 - genDependencies : Invalid condition id : UX DEVICE CLASS RTOS Condition cause : null
2024-10-02 19:28:33,844 [WARN] PackLoader:240 - Cannot read IP mode file for STMicroelectronics.X-CUBE-GNSS1.7.0.0
2024-10-02 19:28:33,857 [WARN] PackLoader:240 - Cannot read IP mode file for STMicroelectronics.FP-SNS-STBOX1.2.0.0
2024-10-02 19:28:33,887 [WARN] PackLoader:240 - Cannot read IP mode file for STMicroelectronics.X-CUBE-SUBG2.5.0.0
2024-10-02 19:28:33,912 [WARN] PackLoader:240 - Cannot read IP mode file for Cesanta.I-CUBE-Mongoose.7.13.0
2024-10-02 19:28:33,942 [WARN] PackLoader:240 - Cannot read IP mode file for STMicroelectronics.X-CUBE-AZRTOS-G4.2.0.0
2024-10-02 19:28:33,965 [WARN] PackLoader:240 - Cannot read IP mode file for STMicroelectronics.X-CUBE-ISPU.2.0.0
2024-10-02 19:28:33,985 [WARN] PackLoader:240 - Cannot read IP mode file for STMicroelectronics.X-CUBE-ALS.1.0.2
2024-10-02 19:28:34,050 [WARN] PackLoader:240 - Cannot read IP mode file for STMicroelectronics.X-CUBE-MEMS1.10.0.0
2024-10-02 19:28:34,198 [WARN] PackLoader:240 - Cannot read IP mode file for STMicroelectronics.X-CUBE-TOUCHGFX.4.24.0
2024-10-02 19:28:34,208 [WARN] PackLoader:240 - Cannot read IP mode file for STMicroelectronics.X-CUBE-TOUCHGFX.4.24.1
2024-10-02 19:28:34,224 [WARN] PackLoader:240 - Cannot read IP mode file for portGmbH.I-Cube-SoM-uGOAL.1.1.0
2024-10-02 19:28:34,251 [WARN] PackLoader:240 - Cannot read IP mode file for STMicroelectronics.X-CUBE-AZRTOS-H7RS.1.0.0
2024-10-02 19:28:34,265 [WARN] PackLoader:240 - Cannot read IP mode file for STMicroelectronics.FP-ATR-ASTRA1.2.0.0
2024-10-02 19:28:34,289 [WARN] PackLoader:240 - Cannot read IP mode file for STMicroelectronics.X-CUBE-TOF1.3.4.2
2024-10-02 19:28:34,373 [WARN] PackLoader:240 - Cannot read IP mode file for Infineon.AIROC-Wi-Fi-Bluetooth-STM32.1.6.1
2024-10-02 19:28:34,386 [WARN] PackLoader:240 - Cannot read IP mode file for wolfSSL.I-CUBE-wolfSSH.1.4.17
2024-10-02 19:28:34,430 [INFO] ThirdParty:978 - Integrity check success = true
2024-10-02 19:28:34,430 [INFO] IntegrityCheckThread:100 - exiting critical section [integrity check]
2024-10-02 19:28:34,430 [INFO] IntegrityCheckThread:103 - End integrity checks thread
2024-10-02 19:28:35,365 [INFO] WebApp:448 - Apply proxy settings
2024-10-02 19:28:35,365 [INFO] WebApp:533 - Chromium requires no authentication
2024-10-02 19:28:35,374 [INFO] WebApp:476 - Direct internet connection detected
2024-10-02 19:28:35,402 [INFO] WebApp:869 - Register for checkConnection events
2024-10-02 19:28:35,402 [INFO] WebApp:448 - Apply proxy settings
2024-10-02 19:28:35,402 [INFO] WebApp:533 - Chromium requires no authentication
2024-10-02 19:28:35,406 [INFO] WebApp:476 - Direct internet connection detected
2024-10-02 19:28:35,612 [INFO] WebApp:186 - Connection restablished
2024-10-02 19:28:35,640 [INFO] WebApp:220 - Starting web application
2024-10-02 19:28:35,640 [INFO] WebApp:578 - Web application path used C:\Nuko\Programs\STM IDE\STM32CubeIDE_1.16.0\STM32CubeIDE\plugins\com.st.stm32cube.common.mx_6.12.0.202406281431\db\plugins\mcufinder\reactClient1\index.html
