2024-09-04 00:02:02,855 [INFO] ADCParametersView:116 -                Rank 1 : false
2024-09-04 00:02:02,862 [INFO] ADCParametersView:116 -                Rank 1 : false
2024-09-04 00:02:02,862 [INFO] ADCParametersView:116 -                Rank 1 : false
2024-09-04 00:02:02,862 [INFO] ADCParametersView:116 -                Rank 1 : false
2024-09-04 00:02:02,862 [INFO] ADCParametersView:116 -                Rank 1 : false
2024-09-04 00:02:02,862 [INFO] ADCParametersView:116 -                Rank 1 : false
2024-09-04 00:02:02,862 [INFO] ADCParametersView:116 -                Rank 1 : false
2024-09-04 00:02:02,862 [INFO] ADCParametersView:116 -                Rank 1 : false
2024-09-04 00:02:02,862 [INFO] ADCParametersView:116 -                Rank 1 : false
2024-09-04 00:02:02,862 [INFO] ADCParametersView:116 -                Rank 1 : false
2024-09-04 00:02:02,862 [INFO] ADCParametersView:116 -                Rank 1 : false
2024-09-04 00:02:02,862 [INFO] ADCParametersView:116 -                Rank 1 : false
2024-09-04 00:02:02,862 [INFO] ADCParametersView:116 -                Rank 1 : false
2024-09-04 00:02:02,862 [INFO] ADCParametersView:116 -                Rank 1 : false
2024-09-04 00:02:02,872 [INFO] ADCParametersView:116 -                Rank 1 : false
2024-09-04 00:02:02,883 [INFO] ADCParametersView:116 -                Rank 1 : false
2024-09-04 00:02:02,883 [INFO] ADCParametersView:116 -                Rank 1 : false
2024-09-04 00:02:02,883 [INFO] ADCParametersView:116 -                Rank 1 : false
2024-09-04 00:02:02,883 [INFO] ADCParametersView:116 -                Rank 1 : false
2024-09-04 00:02:02,883 [INFO] ADCParametersView:116 -                Rank 1 : false
2024-09-04 00:02:02,883 [INFO] ADCParametersView:116 -                Rank 1 : false
2024-09-04 00:02:02,883 [INFO] ADCParametersView:116 -                Rank 1 : false
2024-09-04 00:02:02,883 [INFO] ADCParametersView:116 -                Rank 1 : false
2024-09-04 00:02:02,883 [INFO] ADCParametersView:116 -                Rank 1 : false
2024-09-04 00:02:02,883 [INFO] ADCParametersView:116 -                Rank 1 : false
2024-09-04 00:02:02,883 [INFO] ADCParametersView:116 -                Rank 1 : false
2024-09-04 00:02:02,883 [INFO] ADCParametersView:116 -                Rank 1 : false
2024-09-04 00:02:02,883 [INFO] ADCParametersView:116 -                Rank 1 : false
2024-09-04 00:02:02,883 [INFO] ADCParametersView:116 -                Rank 1 : false
2024-09-04 00:02:02,892 [INFO] ADCParametersView:116 -                Rank 1 : false
2024-09-04 00:02:11,893 [INFO] NvicIntPanel:101 - NVIC parent = com.st.microxplorer.plugins.ip.nvic.MultiNvicIntPanel[,0,0,0x0,invalid,layout=javax.swing.BoxLayout,alignmentX=0.0,alignmentY=0.0,border=,flags=9,maximumSize=,minimumSize=,preferredSize=]
2024-09-04 00:02:11,920 [INFO] ADCParametersView:116 -                Rank 1 : false
2024-09-04 00:02:11,921 [INFO] ADCParametersView:116 -                Rank 1 : false
2024-09-04 00:02:11,922 [INFO] ADCParametersView:116 -                Rank 1 : false
2024-09-04 00:02:11,922 [INFO] ADCParametersView:116 -                Rank 1 : false
2024-09-04 00:02:11,922 [INFO] ADCParametersView:116 -                Rank 1 : false
2024-09-04 00:02:11,922 [INFO] ADCParametersView:116 -                Rank 1 : false
2024-09-04 00:02:11,922 [INFO] ADCParametersView:116 -                Rank 1 : false
2024-09-04 00:02:11,922 [INFO] ADCParametersView:116 -                Rank 1 : false
2024-09-04 00:02:11,922 [INFO] ADCParametersView:116 -                Rank 1 : false
2024-09-04 00:02:11,922 [INFO] ADCParametersView:116 -                Rank 1 : false
2024-09-04 00:02:11,922 [INFO] ADCParametersView:116 -                Rank 1 : false
2024-09-04 00:02:11,922 [INFO] ADCParametersView:116 -                Rank 1 : false
2024-09-04 00:02:11,922 [INFO] ADCParametersView:116 -                Rank 1 : false
2024-09-04 00:02:11,922 [INFO] ADCParametersView:116 -                Rank 1 : false
2024-09-04 00:02:11,932 [INFO] ADCParametersView:116 -                Rank 1 : false
2024-09-04 00:02:17,049 [INFO] NvicIntPanel:101 - NVIC parent = com.st.microxplorer.plugins.ip.nvic.MultiNvicIntPanel[,0,0,0x0,invalid,layout=javax.swing.BoxLayout,alignmentX=0.0,alignmentY=0.0,border=,flags=9,maximumSize=,minimumSize=,preferredSize=]
2024-09-04 00:02:17,069 [INFO] ADCParametersView:116 -                Rank 1 : false
2024-09-04 00:02:17,070 [INFO] ADCParametersView:116 -                Rank 1 : false
2024-09-04 00:02:17,070 [INFO] ADCParametersView:116 -                Rank 1 : false
2024-09-04 00:02:17,070 [INFO] ADCParametersView:116 -                Rank 1 : false
2024-09-04 00:02:17,070 [INFO] ADCParametersView:116 -                Rank 1 : false
2024-09-04 00:02:17,070 [INFO] ADCParametersView:116 -                Rank 1 : false
2024-09-04 00:02:17,070 [INFO] ADCParametersView:116 -                Rank 1 : false
2024-09-04 00:02:17,070 [INFO] ADCParametersView:116 -                Rank 1 : false
2024-09-04 00:02:17,070 [INFO] ADCParametersView:116 -                Rank 1 : false
2024-09-04 00:02:17,070 [INFO] ADCParametersView:116 -                Rank 1 : false
2024-09-04 00:02:17,070 [INFO] ADCParametersView:116 -                Rank 1 : false
2024-09-04 00:02:17,070 [INFO] ADCParametersView:116 -                Rank 1 : false
2024-09-04 00:02:17,070 [INFO] ADCParametersView:116 -                Rank 1 : false
2024-09-04 00:02:17,070 [INFO] ADCParametersView:116 -                Rank 1 : false
2024-09-04 00:02:17,077 [INFO] ADCParametersView:116 -                Rank 1 : false
2024-09-04 00:02:18,306 [INFO] UtilMem:75 - End SaveConfig() Used Memory: 344331824 Bytes (916455424)
2024-09-04 00:02:19,757 [INFO] UtilMem:75 - End SaveConfig() Used Memory: 362679856 Bytes (916455424)
2024-09-04 00:02:20,057 [INFO] UtilMem:75 - End SaveConfig() Used Memory: 419302960 Bytes (916455424)
2024-09-04 00:02:20,188 [INFO] BlockDiagram:2766 - set Specific Code input for plugin: SPI
2024-09-04 00:02:20,188 [INFO] BlockDiagram:2766 - set Specific Code input for plugin: NVIC
2024-09-04 00:02:20,188 [INFO] BlockDiagram:2766 - set Specific Code input for plugin: USART
2024-09-04 00:02:20,188 [INFO] BlockDiagram:2766 - set Specific Code input for plugin: SYS
2024-09-04 00:02:20,188 [INFO] BlockDiagram:2766 - set Specific Code input for plugin: GPIO
2024-09-04 00:02:20,188 [INFO] BlockDiagram:2766 - set Specific Code input for plugin: ADC
2024-09-04 00:02:20,188 [INFO] BlockDiagram:2766 - set Specific Code input for plugin: RCC
2024-09-04 00:02:20,188 [INFO] BlockDiagram:2766 - set Specific Code input for plugin: I2C
2024-09-04 00:02:20,189 [INFO] CodeGenerator:807 - code generatio: config db path: C:\Nuko\Programs\STM IDE\STM32CubeIDE_1.16.0\STM32CubeIDE\plugins\com.st.stm32cube.common.mx_6.12.0.202406281431\\db\
2024-09-04 00:02:20,191 [WARN] IP:2191 - I2C_Coeff_DF not found: check if there is a RefParameter without a condition.
2024-09-04 00:02:20,191 [WARN] IP:2191 - Analog_Filter not found: check if there is a RefParameter without a condition.
2024-09-04 00:02:20,221 [INFO] CodeEngine:255 - oldGeneratedFile, C:\Users\Nuko\STM32CubeIDE\workspace_1.16.0\Lab3_PotentiometerJoystick\MXTmpFiles\license.tmp_save
2024-09-04 00:02:20,273 [INFO] CodeEngine:279 - Generated code: C:\Users\Nuko\STM32CubeIDE\workspace_1.16.0\Lab3_PotentiometerJoystick\MXTmpFiles\license.tmp
2024-09-04 00:02:20,283 [INFO] CodeEngine:255 - oldGeneratedFile, C:\Users\Nuko\STM32CubeIDE\workspace_1.16.0\Lab3_PotentiometerJoystick\MXTmpFiles\gpio.tmp_save
2024-09-04 00:02:20,336 [INFO] CodeEngine:279 - Generated code: C:\Users\Nuko\STM32CubeIDE\workspace_1.16.0\Lab3_PotentiometerJoystick\MXTmpFiles\gpio.tmp
2024-09-04 00:02:20,392 [INFO] CodeEngine:255 - oldGeneratedFile, C:\Users\Nuko\STM32CubeIDE\workspace_1.16.0\Lab3_PotentiometerJoystick\Core\Src\stm32f4xx_it.c_save
2024-09-04 00:02:20,482 [INFO] CodeEngine:279 - Generated code: C:\Users\Nuko\STM32CubeIDE\workspace_1.16.0\Lab3_PotentiometerJoystick\Core\Src\stm32f4xx_it.c
2024-09-04 00:02:20,486 [INFO] CodeEngine:255 - oldGeneratedFile, C:\Users\Nuko\STM32CubeIDE\workspace_1.16.0\Lab3_PotentiometerJoystick\Core\Inc\stm32f4xx_it.h_save
2024-09-04 00:02:20,529 [INFO] CodeEngine:279 - Generated code: C:\Users\Nuko\STM32CubeIDE\workspace_1.16.0\Lab3_PotentiometerJoystick\Core\Inc\stm32f4xx_it.h
2024-09-04 00:02:20,540 [INFO] CodeEngine:255 - oldGeneratedFile, C:\Users\Nuko\STM32CubeIDE\workspace_1.16.0\Lab3_PotentiometerJoystick\Core\Src\stm32f4xx_hal_msp.c_save
2024-09-04 00:02:20,609 [INFO] CodeEngine:279 - Generated code: C:\Users\Nuko\STM32CubeIDE\workspace_1.16.0\Lab3_PotentiometerJoystick\Core\Src\stm32f4xx_hal_msp.c
2024-09-04 00:02:20,611 [INFO] CodeEngine:255 - oldGeneratedFile, C:\Users\Nuko\STM32CubeIDE\workspace_1.16.0\Lab3_PotentiometerJoystick\MXTmpFiles\system.tmp_save
2024-09-04 00:02:20,640 [INFO] CodeEngine:279 - Generated code: C:\Users\Nuko\STM32CubeIDE\workspace_1.16.0\Lab3_PotentiometerJoystick\MXTmpFiles\system.tmp
2024-09-04 00:02:20,649 [INFO] CodeEngine:311 - oldGeneratedFile, C:\Users\Nuko\STM32CubeIDE\workspace_1.16.0\Lab3_PotentiometerJoystick\Core\Inc\stm32f4xx_hal_conf.h_save
2024-09-04 00:02:20,702 [INFO] CodeEngine:335 - Generated code: C:\Users\Nuko\STM32CubeIDE\workspace_1.16.0\Lab3_PotentiometerJoystick\Core\Inc\stm32f4xx_hal_conf.h
2024-09-04 00:02:20,724 [INFO] CodeEngine:255 - oldGeneratedFile, C:\Users\Nuko\STM32CubeIDE\workspace_1.16.0\Lab3_PotentiometerJoystick\Core\Inc\main.h_save
2024-09-04 00:02:20,769 [INFO] CodeEngine:279 - Generated code: C:\Users\Nuko\STM32CubeIDE\workspace_1.16.0\Lab3_PotentiometerJoystick\Core\Inc\main.h
2024-09-04 00:02:20,777 [INFO] CodeEngine:255 - oldGeneratedFile, C:\Users\Nuko\STM32CubeIDE\workspace_1.16.0\Lab3_PotentiometerJoystick\Core\Src\main.c_save
2024-09-04 00:02:20,845 [INFO] CodeEngine:279 - Generated code: C:\Users\Nuko\STM32CubeIDE\workspace_1.16.0\Lab3_PotentiometerJoystick\Core\Src\main.c
2024-09-04 00:02:20,997 [INFO] ProjectBuilder:3249 - Time for Copy HAL[1] : 77mS.
2024-09-04 00:02:20,999 [INFO] ProjectBuilder:4828 - Project Generator version: 4.4.0-B60
2024-09-04 00:02:21,029 [INFO] ConfigFileManager:1531 - The Die is : DIE431
2024-09-04 00:02:21,348 [INFO] ProjectBuilder:5097 - Time for Generating toolchain IDE Files: 349mS.
2024-09-04 00:02:21,349 [INFO] ProjectBuilder:3107 - Time for Copy CMSIS : 0mS.
2024-09-04 00:02:21,349 [INFO] ProjectBuilder:3107 - Time for Copy CMSIS : 0mS.
2024-09-04 00:17:39,895 [INFO] ADCParametersView:116 -                Rank 1 : false
2024-09-04 00:17:39,896 [INFO] ADCParametersView:116 -                Rank 1 : false
2024-09-04 00:17:39,896 [INFO] ADCParametersView:116 -                Rank 1 : false
2024-09-04 00:17:39,896 [INFO] ADCParametersView:116 -                Rank 1 : false
2024-09-04 00:17:39,896 [INFO] ADCParametersView:116 -                Rank 1 : false
2024-09-04 00:17:39,896 [INFO] ADCParametersView:116 -                Rank 1 : false
2024-09-04 00:17:39,896 [INFO] ADCParametersView:116 -                Rank 1 : false
2024-09-04 00:17:39,896 [INFO] ADCParametersView:116 -                Rank 1 : false
2024-09-04 00:17:39,896 [INFO] ADCParametersView:116 -                Rank 1 : false
2024-09-04 00:17:39,896 [INFO] ADCParametersView:116 -                Rank 1 : false
2024-09-04 00:17:39,896 [INFO] ADCParametersView:116 -                Rank 1 : false
2024-09-04 00:17:39,896 [INFO] ADCParametersView:116 -                Rank 1 : false
2024-09-04 00:17:39,896 [INFO] ADCParametersView:116 -                Rank 1 : false
2024-09-04 00:17:39,896 [INFO] ADCParametersView:116 -                Rank 1 : false
2024-09-04 00:17:39,903 [INFO] ADCParametersView:116 -                Rank 1 : false
2024-09-04 00:17:39,917 [INFO] ADCParametersView:116 -                Rank 1 : false
2024-09-04 00:17:39,917 [INFO] ADCParametersView:116 -                Rank 1 : false
2024-09-04 00:17:39,917 [INFO] ADCParametersView:116 -                Rank 1 : false
2024-09-04 00:17:39,917 [INFO] ADCParametersView:116 -                Rank 1 : false
2024-09-04 00:17:39,917 [INFO] ADCParametersView:116 -                Rank 1 : false
2024-09-04 00:17:39,917 [INFO] ADCParametersView:116 -                Rank 1 : false
2024-09-04 00:17:39,917 [INFO] ADCParametersView:116 -                Rank 1 : false
2024-09-04 00:17:39,917 [INFO] ADCParametersView:116 -                Rank 1 : false
2024-09-04 00:17:39,917 [INFO] ADCParametersView:116 -                Rank 1 : false
2024-09-04 00:17:39,917 [INFO] ADCParametersView:116 -                Rank 1 : false
2024-09-04 00:17:39,917 [INFO] ADCParametersView:116 -                Rank 1 : false
2024-09-04 00:17:39,917 [INFO] ADCParametersView:116 -                Rank 1 : false
2024-09-04 00:17:39,917 [INFO] ADCParametersView:116 -                Rank 1 : false
2024-09-04 00:17:39,917 [INFO] ADCParametersView:116 -                Rank 1 : false
2024-09-04 00:17:39,925 [INFO] ADCParametersView:116 -                Rank 1 : false
2024-09-04 00:17:39,963 [INFO] ADCParametersView:116 -                Rank 1 : false
2024-09-04 00:17:39,963 [INFO] ADCParametersView:116 -                Rank 1 : false
2024-09-04 00:17:39,964 [INFO] ADCParametersView:116 -                Rank 1 : false
2024-09-04 00:17:39,964 [INFO] ADCParametersView:116 -                Rank 1 : false
2024-09-04 00:17:39,964 [INFO] ADCParametersView:116 -                Rank 1 : false
2024-09-04 00:17:39,964 [INFO] ADCParametersView:116 -                Rank 1 : false
2024-09-04 00:17:39,964 [INFO] ADCParametersView:116 -                Rank 1 : false
2024-09-04 00:17:39,964 [INFO] ADCParametersView:116 -                Rank 1 : false
2024-09-04 00:17:39,964 [INFO] ADCParametersView:116 -                Rank 1 : false
2024-09-04 00:17:39,964 [INFO] ADCParametersView:116 -                Rank 1 : false
2024-09-04 00:17:39,964 [INFO] ADCParametersView:116 -                Rank 1 : false
2024-09-04 00:17:39,964 [INFO] ADCParametersView:116 -                Rank 1 : false
2024-09-04 00:17:39,964 [INFO] ADCParametersView:116 -                Rank 1 : false
2024-09-04 00:17:39,964 [INFO] ADCParametersView:116 -                Rank 1 : false
2024-09-04 00:17:39,971 [INFO] ADCParametersView:116 -                Rank 1 : false
2024-09-04 00:17:39,983 [INFO] ADCParametersView:116 -                Rank 1 : false
2024-09-04 00:17:39,984 [INFO] ADCParametersView:116 -                Rank 1 : false
2024-09-04 00:17:39,984 [INFO] ADCParametersView:116 -                Rank 1 : false
2024-09-04 00:17:39,984 [INFO] ADCParametersView:116 -                Rank 1 : false
2024-09-04 00:17:39,984 [INFO] ADCParametersView:116 -                Rank 1 : false
2024-09-04 00:17:39,984 [INFO] ADCParametersView:116 -                Rank 1 : false
2024-09-04 00:17:39,984 [INFO] ADCParametersView:116 -                Rank 1 : false
2024-09-04 00:17:39,984 [INFO] ADCParametersView:116 -                Rank 1 : false
2024-09-04 00:17:39,984 [INFO] ADCParametersView:116 -                Rank 1 : false
2024-09-04 00:17:39,984 [INFO] ADCParametersView:116 -                Rank 1 : false
2024-09-04 00:17:39,984 [INFO] ADCParametersView:116 -                Rank 1 : false
2024-09-04 00:17:39,984 [INFO] ADCParametersView:116 -                Rank 1 : false
2024-09-04 00:17:39,984 [INFO] ADCParametersView:116 -                Rank 1 : false
2024-09-04 00:17:39,984 [INFO] ADCParametersView:116 -                Rank 1 : false
2024-09-04 00:17:39,992 [INFO] ADCParametersView:116 -                Rank 1 : false
2024-09-04 00:18:54,077 [INFO] UtilMem:75 - End SaveConfig() Used Memory: 262173120 Bytes (912261120)
2024-09-04 00:18:55,876 [INFO] UtilMem:75 - End SaveConfig() Used Memory: 282257304 Bytes (912261120)
2024-09-04 00:18:56,170 [INFO] UtilMem:75 - End SaveConfig() Used Memory: 312504768 Bytes (912261120)
2024-09-04 00:18:56,365 [INFO] BlockDiagram:2766 - set Specific Code input for plugin: SPI
2024-09-04 00:18:56,365 [INFO] BlockDiagram:2766 - set Specific Code input for plugin: NVIC
2024-09-04 00:18:56,365 [INFO] BlockDiagram:2766 - set Specific Code input for plugin: USART
2024-09-04 00:18:56,365 [INFO] BlockDiagram:2766 - set Specific Code input for plugin: SYS
2024-09-04 00:18:56,365 [INFO] BlockDiagram:2766 - set Specific Code input for plugin: GPIO
2024-09-04 00:18:56,365 [INFO] BlockDiagram:2766 - set Specific Code input for plugin: ADC
2024-09-04 00:18:56,365 [INFO] BlockDiagram:2766 - set Specific Code input for plugin: RCC
2024-09-04 00:18:56,365 [INFO] BlockDiagram:2766 - set Specific Code input for plugin: I2C
2024-09-04 00:18:56,366 [INFO] CodeGenerator:807 - code generatio: config db path: C:\Nuko\Programs\STM IDE\STM32CubeIDE_1.16.0\STM32CubeIDE\plugins\com.st.stm32cube.common.mx_6.12.0.202406281431\\db\
2024-09-04 00:18:56,368 [WARN] IP:2191 - I2C_Coeff_DF not found: check if there is a RefParameter without a condition.
2024-09-04 00:18:56,368 [WARN] IP:2191 - Analog_Filter not found: check if there is a RefParameter without a condition.
2024-09-04 00:18:56,396 [INFO] CodeEngine:255 - oldGeneratedFile, C:\Users\Nuko\STM32CubeIDE\workspace_1.16.0\Lab3_PotentiometerJoystick\MXTmpFiles\license.tmp_save
2024-09-04 00:18:56,440 [INFO] CodeEngine:279 - Generated code: C:\Users\Nuko\STM32CubeIDE\workspace_1.16.0\Lab3_PotentiometerJoystick\MXTmpFiles\license.tmp
2024-09-04 00:18:56,448 [INFO] CodeEngine:255 - oldGeneratedFile, C:\Users\Nuko\STM32CubeIDE\workspace_1.16.0\Lab3_PotentiometerJoystick\MXTmpFiles\gpio.tmp_save
2024-09-04 00:18:56,500 [INFO] CodeEngine:279 - Generated code: C:\Users\Nuko\STM32CubeIDE\workspace_1.16.0\Lab3_PotentiometerJoystick\MXTmpFiles\gpio.tmp
2024-09-04 00:18:56,548 [INFO] CodeEngine:255 - oldGeneratedFile, C:\Users\Nuko\STM32CubeIDE\workspace_1.16.0\Lab3_PotentiometerJoystick\Core\Src\stm32f4xx_it.c_save
2024-09-04 00:18:56,622 [INFO] CodeEngine:279 - Generated code: C:\Users\Nuko\STM32CubeIDE\workspace_1.16.0\Lab3_PotentiometerJoystick\Core\Src\stm32f4xx_it.c
2024-09-04 00:18:56,624 [INFO] CodeEngine:255 - oldGeneratedFile, C:\Users\Nuko\STM32CubeIDE\workspace_1.16.0\Lab3_PotentiometerJoystick\Core\Inc\stm32f4xx_it.h_save
2024-09-04 00:18:56,663 [INFO] CodeEngine:279 - Generated code: C:\Users\Nuko\STM32CubeIDE\workspace_1.16.0\Lab3_PotentiometerJoystick\Core\Inc\stm32f4xx_it.h
2024-09-04 00:18:56,672 [INFO] CodeEngine:255 - oldGeneratedFile, C:\Users\Nuko\STM32CubeIDE\workspace_1.16.0\Lab3_PotentiometerJoystick\Core\Src\stm32f4xx_hal_msp.c_save
2024-09-04 00:18:56,737 [INFO] CodeEngine:279 - Generated code: C:\Users\Nuko\STM32CubeIDE\workspace_1.16.0\Lab3_PotentiometerJoystick\Core\Src\stm32f4xx_hal_msp.c
2024-09-04 00:18:56,742 [INFO] CodeEngine:255 - oldGeneratedFile, C:\Users\Nuko\STM32CubeIDE\workspace_1.16.0\Lab3_PotentiometerJoystick\MXTmpFiles\system.tmp_save
2024-09-04 00:18:56,775 [INFO] CodeEngine:279 - Generated code: C:\Users\Nuko\STM32CubeIDE\workspace_1.16.0\Lab3_PotentiometerJoystick\MXTmpFiles\system.tmp
2024-09-04 00:18:56,783 [INFO] CodeEngine:311 - oldGeneratedFile, C:\Users\Nuko\STM32CubeIDE\workspace_1.16.0\Lab3_PotentiometerJoystick\Core\Inc\stm32f4xx_hal_conf.h_save
2024-09-04 00:18:56,829 [INFO] CodeEngine:335 - Generated code: C:\Users\Nuko\STM32CubeIDE\workspace_1.16.0\Lab3_PotentiometerJoystick\Core\Inc\stm32f4xx_hal_conf.h
2024-09-04 00:18:56,851 [INFO] CodeEngine:255 - oldGeneratedFile, C:\Users\Nuko\STM32CubeIDE\workspace_1.16.0\Lab3_PotentiometerJoystick\Core\Inc\main.h_save
2024-09-04 00:18:56,898 [INFO] CodeEngine:279 - Generated code: C:\Users\Nuko\STM32CubeIDE\workspace_1.16.0\Lab3_PotentiometerJoystick\Core\Inc\main.h
2024-09-04 00:18:56,905 [INFO] CodeEngine:255 - oldGeneratedFile, C:\Users\Nuko\STM32CubeIDE\workspace_1.16.0\Lab3_PotentiometerJoystick\Core\Src\main.c_save
2024-09-04 00:18:56,970 [INFO] CodeEngine:279 - Generated code: C:\Users\Nuko\STM32CubeIDE\workspace_1.16.0\Lab3_PotentiometerJoystick\Core\Src\main.c
2024-09-04 00:18:57,111 [INFO] ProjectBuilder:3249 - Time for Copy HAL[1] : 75mS.
2024-09-04 00:18:57,112 [INFO] ProjectBuilder:4828 - Project Generator version: 4.4.0-B60
2024-09-04 00:18:57,142 [INFO] ConfigFileManager:1531 - The Die is : DIE431
2024-09-04 00:18:57,466 [INFO] ProjectBuilder:5097 - Time for Generating toolchain IDE Files: 354mS.
2024-09-04 00:18:57,466 [INFO] ProjectBuilder:3107 - Time for Copy CMSIS : 0mS.
2024-09-04 00:18:57,468 [INFO] ProjectBuilder:3107 - Time for Copy CMSIS : 0mS.
2024-09-04 00:30:03,762 [INFO] WebApp:388 - JxBrowser engine has been closed 
