2024-08-30 11:34:26,714 [INFO] Activator:176 - 


2024-08-30 11:34:26,719 [INFO] Activator:177 - !SESSION log4j initialized
2024-08-30 11:34:36,180 [INFO] LogOutputStream:77 - [STDOUT_REDIRECT] 
2024-08-30 11:34:38,539 [INFO] ApplicationProperties:184 - Using Application install path: C:\Nuko\Programs\STM IDE\STM32CubeIDE_1.16.0\STM32CubeIDE\plugins\com.st.stm32cube.common.mx_6.12.0.202406281431
2024-08-30 11:34:38,581 [INFO] DbMcusXml:78 - Set database path to: C:\Nuko\Programs\STM IDE\STM32CubeIDE_1.16.0\STM32CubeIDE\plugins\com.st.stm32cube.common.mx_6.12.0.202406281431\\db\/mcu/
2024-08-30 11:34:38,581 [INFO] ApiDb:274 - Set plugin database path to: C:\Nuko\Programs\STM IDE\STM32CubeIDE_1.16.0\STM32CubeIDE\plugins\com.st.stm32cube.common.mx_6.12.0.202406281431\\db\/plugins/boardmanager/
2024-08-30 11:34:38,584 [WARN] ApiDb:259 - Overriding images path with different value:  => C:\Nuko\Programs\STM IDE\STM32CubeIDE_1.16.0\STM32CubeIDE\plugins\com.st.stm32cube.common.mx_6.12.0.202406281431\\db\/plugins/mcufinder/images/
2024-08-30 11:34:38,592 [INFO] ApiDb:250 - Set database path to: C:\Users\Nuko\.stmcufinder\plugins\mcufinder//mcu/
2024-08-30 11:34:38,593 [INFO] DbMcusAds:125 - Set database path to: C:\Users\Nuko\.stmcufinder\plugins\mcufinder//mcu/
2024-08-30 11:34:38,595 [INFO] CrossReferenceDbSqlite:203 - Set database path to: C:\Users\Nuko\.stmcufinder\plugins\mcufinder//mcu/cs/
2024-08-30 11:34:38,795 [INFO] RulesReader:64 - Compatibility file has been processed (297 Rules)
2024-08-30 11:34:38,886 [INFO] DbMcusXml:78 - Set database path to: C:\Nuko\Programs\STM IDE\STM32CubeIDE_1.16.0\STM32CubeIDE\plugins\com.st.stm32cube.common.mx_6.12.0.202406281431\\db\/mcu/
2024-08-30 11:34:38,886 [INFO] ApiDb:274 - Set plugin database path to: C:\Nuko\Programs\STM IDE\STM32CubeIDE_1.16.0\STM32CubeIDE\plugins\com.st.stm32cube.common.mx_6.12.0.202406281431\\db\/plugins/boardmanager/
2024-08-30 11:34:38,887 [INFO] ApiDb:261 - Set plugin images path to: C:\Nuko\Programs\STM IDE\STM32CubeIDE_1.16.0\STM32CubeIDE\plugins\com.st.stm32cube.common.mx_6.12.0.202406281431\\db\/plugins/mcufinder/images/
2024-08-30 11:34:38,887 [WARN] DbFile:41 - Overriding database path with different value: C:\Users\Nuko\.stmcufinder\plugins\mcufinder/ => C:\Users\Nuko\.stmcufinder\plugins\mcufinder
2024-08-30 11:34:38,887 [INFO] ApiDb:250 - Set database path to: C:\Users\Nuko\.stmcufinder\plugins\mcufinder//mcu/
2024-08-30 11:34:38,887 [WARN] DbFile:41 - Overriding database path with different value: C:\Users\Nuko\.stmcufinder\plugins\mcufinder/ => C:\Users\Nuko\.stmcufinder\plugins\mcufinder
2024-08-30 11:34:38,888 [INFO] DbMcusAds:125 - Set database path to: C:\Users\Nuko\.stmcufinder\plugins\mcufinder//mcu/
2024-08-30 11:34:38,888 [WARN] DbFile:41 - Overriding database path with different value: C:\Users\Nuko\.stmcufinder\plugins\mcufinder/ => C:\Users\Nuko\.stmcufinder\plugins\mcufinder
2024-08-30 11:34:38,888 [WARN] DbFile:41 - Overriding database path with different value: C:\Users\Nuko\.stmcufinder\plugins\mcufinder/ => C:\Users\Nuko\.stmcufinder\plugins\mcufinder
2024-08-30 11:34:38,888 [INFO] CrossReferenceDbSqlite:203 - Set database path to: C:\Users\Nuko\.stmcufinder\plugins\mcufinder//mcu/cs/
2024-08-30 11:34:38,992 [INFO] MainPanel:268 - HeapMemory: 268435456
2024-08-30 11:34:39,072 [INFO] DbMcusXml:78 - Set database path to: C:\Nuko\Programs\STM IDE\STM32CubeIDE_1.16.0\STM32CubeIDE\plugins\com.st.stm32cube.common.mx_6.12.0.202406281431\\db\/mcu/
2024-08-30 11:34:39,072 [INFO] ApiDb:274 - Set plugin database path to: C:\Nuko\Programs\STM IDE\STM32CubeIDE_1.16.0\STM32CubeIDE\plugins\com.st.stm32cube.common.mx_6.12.0.202406281431\\db\/plugins/boardmanager/
2024-08-30 11:34:39,074 [INFO] ApiDb:261 - Set plugin images path to: C:\Nuko\Programs\STM IDE\STM32CubeIDE_1.16.0\STM32CubeIDE\plugins\com.st.stm32cube.common.mx_6.12.0.202406281431\\db\/plugins/mcufinder/images/
2024-08-30 11:34:39,074 [WARN] DbFile:41 - Overriding database path with different value: C:\Users\Nuko\.stmcufinder\plugins\mcufinder/ => C:\Users\Nuko\.stmcufinder\plugins\mcufinder
2024-08-30 11:34:39,074 [INFO] ApiDb:250 - Set database path to: C:\Users\Nuko\.stmcufinder\plugins\mcufinder//mcu/
2024-08-30 11:34:39,075 [WARN] DbFile:41 - Overriding database path with different value: C:\Users\Nuko\.stmcufinder\plugins\mcufinder/ => C:\Users\Nuko\.stmcufinder\plugins\mcufinder
2024-08-30 11:34:39,075 [INFO] DbMcusAds:125 - Set database path to: C:\Users\Nuko\.stmcufinder\plugins\mcufinder//mcu/
2024-08-30 11:34:39,075 [WARN] DbFile:41 - Overriding database path with different value: C:\Users\Nuko\.stmcufinder\plugins\mcufinder/ => C:\Users\Nuko\.stmcufinder\plugins\mcufinder
2024-08-30 11:34:39,075 [WARN] DbFile:41 - Overriding database path with different value: C:\Users\Nuko\.stmcufinder\plugins\mcufinder/ => C:\Users\Nuko\.stmcufinder\plugins\mcufinder
2024-08-30 11:34:39,075 [INFO] CrossReferenceDbSqlite:203 - Set database path to: C:\Users\Nuko\.stmcufinder\plugins\mcufinder//mcu/cs/
2024-08-30 11:34:39,088 [INFO] ApplicationProperties:184 - Using Application install path: C:\Nuko\Programs\STM IDE\STM32CubeIDE_1.16.0\STM32CubeIDE\plugins\com.st.stm32cube.common.mx_6.12.0.202406281431
2024-08-30 11:34:39,089 [INFO] PluginManage:196 - Search for loadable plugins [exclusion list=, ]
2024-08-30 11:34:39,090 [INFO] PluginManage:310 - Check plugin analytics
2024-08-30 11:34:39,291 [INFO] AnalyticsPlugin:253 - Accepted Software Licenses: 
2024-08-30 11:34:39,291 [INFO] AnalyticsPlugin:255 - Accepted CMSIS Pack Licenses: 
2024-08-30 11:34:39,291 [INFO] AnalyticsPlugin:257 - Accepted Firmware Licenses: FW.F4.1.28.0
2024-08-30 11:34:39,294 [INFO] PluginManage:359 - Loaded plugin analytics (category:tool,tabindex:-1)
2024-08-30 11:34:39,294 [INFO] PluginManage:310 - Check plugin cadmodel
2024-08-30 11:34:39,306 [INFO] CADModel:105 - Init CAD model plugin
2024-08-30 11:34:39,306 [INFO] PluginManage:359 - Loaded plugin cadmodel (category:power,tabindex:5)
2024-08-30 11:34:39,306 [INFO] PluginManage:310 - Check plugin clock
2024-08-30 11:34:39,321 [INFO] PluginManage:359 - Loaded plugin clock (category:base,tabindex:2)
2024-08-30 11:34:39,321 [INFO] PluginManage:310 - Check plugin ddr
2024-08-30 11:34:39,324 [INFO] PluginManage:359 - Loaded plugin ddr (category:tool,tabindex:6)
2024-08-30 11:34:39,324 [INFO] PluginManage:310 - Check plugin filemanager
2024-08-30 11:34:39,465 [INFO] PluginManage:359 - Loaded plugin filemanager (category:base,tabindex:10)
2024-08-30 11:34:39,465 [INFO] PluginManage:310 - Check plugin ipmanager
2024-08-30 11:34:39,469 [INFO] PluginManage:359 - Loaded plugin ipmanager (category:base,tabindex:5)
2024-08-30 11:34:39,469 [INFO] PluginManage:310 - Check plugin lpbam
2024-08-30 11:34:39,483 [INFO] PluginManage:359 - Loaded plugin lpbam (category:base,tabindex:0)
2024-08-30 11:34:39,483 [INFO] PluginManage:310 - Check plugin memorymap
2024-08-30 11:34:39,497 [INFO] PluginManage:359 - Loaded plugin memorymap (category:base,tabindex:4)
2024-08-30 11:34:39,497 [INFO] PluginManage:310 - Check plugin pinoutandconfiguration
2024-08-30 11:34:39,507 [INFO] PluginManage:359 - Loaded plugin pinoutandconfiguration (category:base,tabindex:1)
2024-08-30 11:34:39,507 [INFO] PluginManage:310 - Check plugin pinoutconfig
2024-08-30 11:34:39,641 [WARN] SupportedApi:132 - Cannot load RTOS API schema: s4s-elt-must-match.1: The content of 'definitions' must match (annotation?, (simpleType | complexType)?, (unique | key | keyref)*)). A problem was found starting at: attribute.
2024-08-30 11:34:39,776 [INFO] PluginManage:359 - Loaded plugin pinoutconfig (category:base,tabindex:0)
2024-08-30 11:34:39,776 [INFO] PluginManage:310 - Check plugin power
2024-08-30 11:34:39,788 [INFO] PluginManage:359 - Loaded plugin power (category:power,tabindex:4)
2024-08-30 11:34:39,788 [INFO] PluginManage:310 - Check plugin projectmanager
2024-08-30 11:34:39,798 [INFO] PluginManage:359 - Loaded plugin projectmanager (category:projectmanager,tabindex:4)
2024-08-30 11:34:39,798 [INFO] PluginManage:310 - Check plugin rif
2024-08-30 11:34:39,808 [INFO] PluginManage:359 - Loaded plugin rif (category:base,tabindex:3)
2024-08-30 11:34:39,808 [INFO] PluginManage:310 - Check plugin thirdparty
2024-08-30 11:34:40,096 [INFO] PluginManage:359 - Loaded plugin thirdparty (category:base,tabindex:-1)
2024-08-30 11:34:40,096 [INFO] PluginManage:310 - Check plugin tools
2024-08-30 11:34:40,096 [WARN] IntegrityCheckThread:84 - waiting for thirdparty lock release [integrity check]
2024-08-30 11:34:40,096 [INFO] IntegrityCheckThread:86 - entering critical section [integrity check]
2024-08-30 11:34:40,096 [INFO] ThirdPartyUpdaterWithRetryManager:70 - Updater plugin not ready yet. [1/15]
2024-08-30 11:34:40,117 [INFO] PluginManage:359 - Loaded plugin tools (category:base,tabindex:7)
2024-08-30 11:34:40,117 [INFO] PluginManage:310 - Check plugin tutovideos
2024-08-30 11:34:40,280 [INFO] PluginManage:359 - Loaded plugin tutovideos (category:base,tabindex:-1)
2024-08-30 11:34:40,280 [INFO] PluginManage:310 - Check plugin updater
2024-08-30 11:34:40,325 [INFO] PluginManage:359 - Loaded plugin updater (category:base,tabindex:12)
2024-08-30 11:34:40,325 [INFO] PluginManage:310 - Check plugin userauth
2024-08-30 11:34:40,329 [INFO] UserAuth:113 - Init User Auth plugin
2024-08-30 11:34:40,330 [INFO] PluginManage:359 - Loaded plugin userauth (category:base,tabindex:14)
2024-08-30 11:34:40,330 [INFO] PluginManage:283 - PluginManage : Loaded plugins [18]
2024-08-30 11:34:40,479 [INFO] PinOutPanel:1561 - setPackage(No Configuration,No Configuration)
2024-08-30 11:34:40,567 [INFO] CADModel:165 - CPN selected for project level
2024-08-30 11:34:40,568 [INFO] CADModel:114 - Register for checkConnection events
2024-08-30 11:34:40,586 [INFO] IPUIPlugin:80 - create IPUIPlugin
2024-08-30 11:34:40,586 [INFO] PluginManager:220 - loadIPPluginJar : add adc
2024-08-30 11:34:40,608 [INFO] IPUIPlugin:80 - create IPUIPlugin
2024-08-30 11:34:40,608 [INFO] PluginManager:220 - loadIPPluginJar : add aes
2024-08-30 11:34:40,641 [INFO] IPUIPlugin:80 - create IPUIPlugin
2024-08-30 11:34:40,642 [INFO] PluginManager:220 - loadIPPluginJar : add can
2024-08-30 11:34:40,656 [INFO] IPUIPlugin:80 - create IPUIPlugin
2024-08-30 11:34:40,656 [INFO] PluginManager:220 - loadIPPluginJar : add comp
2024-08-30 11:34:40,682 [INFO] IPUIPlugin:80 - create IPUIPlugin
2024-08-30 11:34:40,682 [INFO] PluginManager:220 - loadIPPluginJar : add cryp
2024-08-30 11:34:40,693 [INFO] IPUIPlugin:80 - create IPUIPlugin
2024-08-30 11:34:40,693 [INFO] PluginManager:220 - loadIPPluginJar : add ddr_ctrl_phy
2024-08-30 11:34:40,710 [INFO] IPUIPlugin:80 - create IPUIPlugin
2024-08-30 11:34:40,710 [INFO] PluginManager:220 - loadIPPluginJar : add dfsdm
2024-08-30 11:34:40,721 [INFO] IPUIPlugin:80 - create IPUIPlugin
2024-08-30 11:34:40,725 [INFO] PluginManager:220 - loadIPPluginJar : add dma
2024-08-30 11:34:40,751 [INFO] IPUIPlugin:80 - create IPUIPlugin
2024-08-30 11:34:40,751 [INFO] PluginManager:220 - loadIPPluginJar : add dma3
2024-08-30 11:34:40,782 [INFO] IPUIPlugin:80 - create IPUIPlugin
2024-08-30 11:34:40,782 [INFO] PluginManager:220 - loadIPPluginJar : add extmemmanager
2024-08-30 11:34:40,795 [INFO] IPUIPlugin:80 - create IPUIPlugin
2024-08-30 11:34:40,795 [INFO] PluginManager:220 - loadIPPluginJar : add fatfs
2024-08-30 11:34:40,834 [INFO] IPUIPlugin:80 - create IPUIPlugin
2024-08-30 11:34:40,835 [INFO] PluginManager:220 - loadIPPluginJar : add fmc
2024-08-30 11:34:40,844 [INFO] IPUIPlugin:80 - create IPUIPlugin
2024-08-30 11:34:40,844 [INFO] PluginManager:220 - loadIPPluginJar : add freertos
2024-08-30 11:34:40,856 [INFO] IPUIPlugin:80 - create IPUIPlugin
2024-08-30 11:34:40,856 [INFO] PluginManager:220 - loadIPPluginJar : add genericplugin
2024-08-30 11:34:40,926 [INFO] IPUIPlugin:80 - create IPUIPlugin
2024-08-30 11:34:40,926 [INFO] PluginManager:220 - loadIPPluginJar : add gfxmmu
2024-08-30 11:34:41,048 [INFO] IPUIPlugin:80 - create IPUIPlugin
2024-08-30 11:34:41,049 [INFO] PluginManager:220 - loadIPPluginJar : add gic
2024-08-30 11:34:41,060 [INFO] IPUIPlugin:80 - create IPUIPlugin
2024-08-30 11:34:41,060 [INFO] PluginManager:220 - loadIPPluginJar : add gpio
2024-08-30 11:34:41,122 [INFO] IPUIPlugin:80 - create IPUIPlugin
2024-08-30 11:34:41,122 [INFO] PluginManager:220 - loadIPPluginJar : add gtzc
2024-08-30 11:34:41,147 [INFO] IPUIPlugin:80 - create IPUIPlugin
2024-08-30 11:34:41,147 [INFO] PluginManager:220 - loadIPPluginJar : add hash
2024-08-30 11:34:41,181 [INFO] IPUIPlugin:80 - create IPUIPlugin
2024-08-30 11:34:41,182 [INFO] PluginManager:220 - loadIPPluginJar : add i2c
2024-08-30 11:34:41,211 [INFO] IPUIPlugin:80 - create IPUIPlugin
2024-08-30 11:34:41,211 [INFO] PluginManager:220 - loadIPPluginJar : add i2s
2024-08-30 11:34:41,242 [INFO] IPUIPlugin:80 - create IPUIPlugin
2024-08-30 11:34:41,244 [INFO] PluginManager:220 - loadIPPluginJar : add i3c
2024-08-30 11:34:41,333 [INFO] IPUIPlugin:80 - create IPUIPlugin
2024-08-30 11:34:41,334 [INFO] PluginManager:220 - loadIPPluginJar : add ipddr
2024-08-30 11:34:41,414 [INFO] IPUIPlugin:80 - create IPUIPlugin
2024-08-30 11:34:41,415 [INFO] PluginManager:220 - loadIPPluginJar : add linkedlist
2024-08-30 11:34:41,441 [INFO] IPUIPlugin:80 - create IPUIPlugin
2024-08-30 11:34:41,441 [INFO] PluginManager:220 - loadIPPluginJar : add lorawan
2024-08-30 11:34:41,461 [INFO] IPUIPlugin:80 - create IPUIPlugin
2024-08-30 11:34:41,462 [INFO] PluginManager:220 - loadIPPluginJar : add ltdc
2024-08-30 11:34:41,470 [INFO] IPUIPlugin:80 - create IPUIPlugin
2024-08-30 11:34:41,470 [INFO] PluginManager:220 - loadIPPluginJar : add mdma
2024-08-30 11:34:41,480 [INFO] IPUIPlugin:80 - create IPUIPlugin
2024-08-30 11:34:41,480 [INFO] PluginManager:220 - loadIPPluginJar : add nvic
2024-08-30 11:34:41,502 [INFO] IPUIPlugin:80 - create IPUIPlugin
2024-08-30 11:34:41,502 [INFO] PluginManager:220 - loadIPPluginJar : add opamp
2024-08-30 11:34:41,546 [INFO] IPUIPlugin:80 - create IPUIPlugin
2024-08-30 11:34:41,546 [INFO] PluginManager:220 - loadIPPluginJar : add openamp
2024-08-30 11:34:41,571 [INFO] IPUIPlugin:80 - create IPUIPlugin
2024-08-30 11:34:41,571 [INFO] PluginManager:220 - loadIPPluginJar : add pdm2pcm
2024-08-30 11:34:41,579 [INFO] IPUIPlugin:80 - create IPUIPlugin
2024-08-30 11:34:41,580 [INFO] PluginManager:220 - loadIPPluginJar : add plateformsettings
2024-08-30 11:34:41,601 [INFO] IPUIPlugin:80 - create IPUIPlugin
2024-08-30 11:34:41,601 [INFO] PluginManager:220 - loadIPPluginJar : add quadspi
2024-08-30 11:34:41,616 [INFO] IPUIPlugin:80 - create IPUIPlugin
2024-08-30 11:34:41,616 [INFO] PluginManager:220 - loadIPPluginJar : add radio
2024-08-30 11:34:41,624 [INFO] IPUIPlugin:80 - create IPUIPlugin
2024-08-30 11:34:41,624 [INFO] PluginManager:220 - loadIPPluginJar : add resmgrutility
2024-08-30 11:34:41,656 [INFO] IPUIPlugin:80 - create IPUIPlugin
2024-08-30 11:34:41,656 [INFO] PluginManager:220 - loadIPPluginJar : add sai
2024-08-30 11:34:41,679 [INFO] IPUIPlugin:80 - create IPUIPlugin
2024-08-30 11:34:41,679 [INFO] PluginManager:220 - loadIPPluginJar : add spi
2024-08-30 11:34:41,739 [INFO] IPUIPlugin:80 - create IPUIPlugin
2024-08-30 11:34:41,740 [INFO] PluginManager:220 - loadIPPluginJar : add stm32_wpan
2024-08-30 11:34:41,759 [INFO] IPUIPlugin:80 - create IPUIPlugin
2024-08-30 11:34:41,759 [INFO] PluginManager:220 - loadIPPluginJar : add tim
2024-08-30 11:34:41,795 [INFO] IPUIPlugin:80 - create IPUIPlugin
2024-08-30 11:34:41,795 [INFO] PluginManager:220 - loadIPPluginJar : add touchsensing
2024-08-30 11:34:41,810 [INFO] IPUIPlugin:80 - create IPUIPlugin
2024-08-30 11:34:41,810 [INFO] PluginManager:220 - loadIPPluginJar : add tracer_emb
2024-08-30 11:34:41,824 [INFO] IPUIPlugin:80 - create IPUIPlugin
2024-08-30 11:34:41,824 [INFO] PluginManager:220 - loadIPPluginJar : add ts
2024-08-30 11:34:41,837 [INFO] IPUIPlugin:80 - create IPUIPlugin
2024-08-30 11:34:41,837 [INFO] PluginManager:220 - loadIPPluginJar : add tsc
2024-08-30 11:34:41,849 [INFO] IPUIPlugin:80 - create IPUIPlugin
2024-08-30 11:34:41,849 [INFO] PluginManager:220 - loadIPPluginJar : add ucpd
2024-08-30 11:34:41,876 [INFO] IPUIPlugin:80 - create IPUIPlugin
2024-08-30 11:34:41,876 [INFO] PluginManager:220 - loadIPPluginJar : add usart
2024-08-30 11:34:41,913 [INFO] IPUIPlugin:80 - create IPUIPlugin
2024-08-30 11:34:41,913 [INFO] PluginManager:220 - loadIPPluginJar : add usbx
2024-08-30 11:34:42,050 [INFO] CADModel:165 - CPN selected for project level
2024-08-30 11:34:42,050 [INFO] CADModel:114 - Register for checkConnection events
2024-08-30 11:34:42,050 [FATAL] Updater:334 - Updater called before beeing initialized
2024-08-30 11:34:42,050 [ERROR] CADModel:125 - Updater not yet initialized, retry later 
2024-08-30 11:34:42,240 [INFO] CADModel:165 - CPN selected for project level
2024-08-30 11:34:42,241 [INFO] CADModel:114 - Register for checkConnection events
2024-08-30 11:34:42,241 [FATAL] Updater:334 - Updater called before beeing initialized
2024-08-30 11:34:42,241 [ERROR] CADModel:125 - Updater not yet initialized, retry later 
2024-08-30 11:34:42,244 [FATAL] Updater:334 - Updater called before beeing initialized
2024-08-30 11:34:42,396 [FATAL] Updater:334 - Updater called before beeing initialized
2024-08-30 11:34:42,406 [INFO] DbMcusAds:53 - JSON generation date=Thu May 16 16:22:00 GMT+07:00 2024 (1715851320667)
2024-08-30 11:34:42,406 [FATAL] Updater:334 - Updater called before beeing initialized
2024-08-30 11:34:42,434 [WARN] DetailPanel:346 - Failed to get advertising image, set to default
2024-08-30 11:34:42,524 [FATAL] Updater:334 - Updater called before beeing initialized
2024-08-30 11:34:42,527 [FATAL] Updater:334 - Updater called before beeing initialized
2024-08-30 11:34:42,527 [FATAL] Updater:334 - Updater called before beeing initialized
2024-08-30 11:34:42,527 [WARN] DetailPanel:346 - Failed to get advertising image, set to default
2024-08-30 11:34:42,528 [FATAL] Updater:334 - Updater called before beeing initialized
2024-08-30 11:34:42,647 [ERROR] Updater:1164 - MainUpdater not yet initialized. External WinMGr cannot be set.
2024-08-30 11:34:42,653 [INFO] Updater:1100 - Updater Version found : 6.12.0
2024-08-30 11:34:42,669 [INFO] ApplicationProperties:184 - Using Application install path: C:\Nuko\Programs\STM IDE\STM32CubeIDE_1.16.0\STM32CubeIDE\plugins\com.st.stm32cube.common.mx_6.12.0.202406281431
2024-08-30 11:34:43,108 [INFO] ThirdPartyUpdaterWithRetryManager:70 - Updater plugin not ready yet. [2/15]
2024-08-30 11:34:44,278 [ERROR] LogOutputStream:75 - [STDERR_REDIRECT] Aug 30, 2024 11:34:44 AM java.util.prefs.WindowsPreferences <init>
2024-08-30 11:34:44,280 [ERROR] LogOutputStream:75 - [STDERR_REDIRECT] WARNING: Could not open/create prefs root node Software\JavaSoft\Prefs at root 0xffffffff80000002. Windows RegCreateKeyEx(...) returned error code 5.
2024-08-30 11:34:44,280 [ERROR] LogOutputStream:75 - [STDERR_REDIRECT] 
2024-08-30 11:34:44,481 [INFO] MainUpdater:2873 - connection check result : 10
2024-08-30 11:34:44,482 [INFO] MainUpdater:290 - Updater Check For Update Now.
2024-08-30 11:34:44,482 [INFO] MicroXplorer:498 - Change Database Version : DB.6.0.120
2024-08-30 11:34:44,494 [INFO] McuFinderGlobals:63 - Set McuFinder mode to 2 (CubeIDE integrated)
2024-08-30 11:34:44,495 [INFO] UserAuth:179 - activating auth plugin
2024-08-30 11:34:44,497 [INFO] UserAuth:417 - Internet connection configuration mode: 1
2024-08-30 11:34:44,536 [INFO] JxBrowserEngine:152 - Initiate JxBrowser Engine with user profile folder
2024-08-30 11:34:44,667 [INFO] CheckServerUpdateThread:120 - End of CheckServer Thread
2024-08-30 11:34:46,269 [WARN] PackLoader:240 - Cannot read IP mode file for STMicroelectronics.FP-SNS-MOTENVWB1.1.4.0
2024-08-30 11:34:46,285 [WARN] PackLoader:240 - Cannot read IP mode file for STMicroelectronics.X-CUBE-SMBUS.2.1.0
2024-08-30 11:34:46,314 [WARN] PackLoader:240 - Cannot read IP mode file for STMicroelectronics.X-CUBE-AZRTOS-F7.1.1.0
2024-08-30 11:34:46,368 [WARN] PackLoader:240 - Cannot read IP mode file for STMicroelectronics.X-CUBE-MEMS1.11.0.0
2024-08-30 11:34:46,440 [WARN] PackLoader:240 - Cannot read IP mode file for STMicroelectronics.FP-SNS-FLIGHT1.5.0.2
2024-08-30 11:34:46,450 [WARN] PackLoader:240 - Cannot read IP mode file for STMicroelectronics.X-CUBE-DISPLAY.3.0.0
2024-08-30 11:34:46,460 [WARN] PackLoader:240 - Cannot read IP mode file for STMicroelectronics.X-CUBE-BLE1.7.0.0
2024-08-30 11:34:46,468 [WARN] PackLoader:240 - Cannot read IP mode file for emotas.I-CUBE-CANOPEN.1.3.0
2024-08-30 11:34:46,477 [WARN] PackLoader:240 - Cannot read IP mode file for STMicroelectronics.X-CUBE-BLEMGR.3.1.0
2024-08-30 11:34:46,486 [WARN] PackLoader:240 - Cannot read IP mode file for STMicroelectronics.FP-SNS-SMARTAG2.1.2.0
2024-08-30 11:34:46,497 [INFO] LogOutputStream:77 - [STDOUT_REDIRECT] 1 : Invalid condition id : UX_CORESTACK_Condition cause : null
2024-08-30 11:34:46,497 [INFO] LogOutputStream:77 - [STDOUT_REDIRECT] 1 : Invalid condition id : UX_CORESTACK_Condition cause : null
2024-08-30 11:34:46,498 [INFO] LogOutputStream:77 - [STDOUT_REDIRECT] 1 : Invalid condition id : UX_CORESTACK_Condition cause : null
2024-08-30 11:34:46,499 [INFO] LogOutputStream:77 - [STDOUT_REDIRECT] 1 : Invalid condition id : UX_CORESTACK_Condition cause : null
2024-08-30 11:34:46,500 [INFO] LogOutputStream:77 - [STDOUT_REDIRECT] 1 : Invalid condition id : UX_CORESTACK_Condition cause : null
2024-08-30 11:34:46,501 [WARN] PackLoader:240 - Cannot read IP mode file for STMicroelectronics.X-CUBE-AZRTOS-WL.2.0.0
2024-08-30 11:34:46,517 [WARN] PackLoader:240 - Cannot read IP mode file for STMicroelectronics.FP-SNS-MOTENV1.5.0.0
2024-08-30 11:34:46,536 [WARN] PackLoader:240 - Cannot read IP mode file for wolfSSL.I-CUBE-wolfMQTT.1.19.0
2024-08-30 11:34:46,566 [WARN] PackLoader:240 - Cannot read IP mode file for WES.I-CUBE-Cesium.1.3.0
2024-08-30 11:34:46,575 [WARN] PackLoader:240 - Cannot read IP mode file for STMicroelectronics.X-CUBE-BLE2.3.3.0
2024-08-30 11:34:46,585 [WARN] PackLoader:240 - Cannot read IP mode file for STMicroelectronics.X-CUBE-TCPP.4.1.0
2024-08-30 11:34:46,601 [WARN] PackLoader:240 - Cannot read IP mode file for STMicroelectronics.X-CUBE-AZRTOS-G0.1.1.0
2024-08-30 11:34:46,610 [WARN] PackLoader:240 - Cannot read IP mode file for STMicroelectronics.X-CUBE-SAFEA1.1.2.2
2024-08-30 11:34:46,620 [WARN] PackLoader:240 - Cannot read IP mode file for STMicroelectronics.X-CUBE-NFC4.3.0.0
2024-08-30 11:34:46,631 [WARN] PackLoader:240 - Cannot read IP mode file for EmbeddedOffice.I-CUBE-FS-RTOS.1.0.1
2024-08-30 11:34:46,631 [ERROR] ConditionMgr:805 - Attr not supported : Dmpu
2024-08-30 11:34:46,631 [ERROR] ConditionMgr:805 - Attr not supported : Dmpu
2024-08-30 11:34:46,631 [ERROR] ConditionMgr:805 - Attr not supported : Dmpu
2024-08-30 11:34:46,631 [ERROR] ConditionMgr:805 - Attr not supported : Dmpu
2024-08-30 11:34:46,631 [ERROR] ConditionMgr:805 - Attr not supported : Dmpu
2024-08-30 11:34:46,631 [ERROR] ConditionMgr:805 - Attr not supported : Dmpu
2024-08-30 11:34:46,631 [ERROR] ConditionMgr:805 - Attr not supported : Dmpu
2024-08-30 11:34:46,631 [ERROR] ConditionMgr:805 - Attr not supported : Dmpu
2024-08-30 11:34:46,631 [ERROR] ConditionMgr:805 - Attr not supported : Dmpu
2024-08-30 11:34:46,631 [ERROR] ConditionMgr:805 - Attr not supported : Dmpu
2024-08-30 11:34:46,631 [ERROR] ConditionMgr:805 - Attr not supported : Dmpu
2024-08-30 11:34:46,631 [ERROR] ConditionMgr:805 - Attr not supported : Dmpu
2024-08-30 11:34:46,631 [ERROR] ConditionMgr:805 - Attr not supported : Dmpu
2024-08-30 11:34:46,631 [ERROR] ConditionMgr:805 - Attr not supported : Dmpu
2024-08-30 11:34:46,631 [ERROR] ConditionMgr:805 - Attr not supported : Dmpu
2024-08-30 11:34:46,631 [ERROR] ConditionMgr:805 - Attr not supported : Dmpu
2024-08-30 11:34:46,631 [ERROR] ConditionMgr:805 - Attr not supported : Dmpu
2024-08-30 11:34:46,631 [ERROR] ConditionMgr:805 - Attr not supported : Dmpu
2024-08-30 11:34:46,631 [ERROR] ConditionMgr:805 - Attr not supported : Dmpu
2024-08-30 11:34:46,631 [ERROR] ConditionMgr:805 - Attr not supported : Dmpu
2024-08-30 11:34:46,631 [ERROR] ConditionMgr:805 - Attr not supported : Dmpu
2024-08-30 11:34:46,631 [ERROR] ConditionMgr:805 - Attr not supported : Dmpu
2024-08-30 11:34:46,631 [ERROR] ConditionMgr:805 - Attr not supported : Dmpu
2024-08-30 11:34:46,631 [ERROR] ConditionMgr:805 - Attr not supported : Dmpu
2024-08-30 11:34:46,631 [ERROR] ConditionMgr:805 - Attr not supported : Dmpu
2024-08-30 11:34:46,631 [ERROR] ConditionMgr:805 - Attr not supported : Dmpu
2024-08-30 11:34:46,631 [ERROR] ConditionMgr:805 - Attr not supported : Dmpu
2024-08-30 11:34:46,632 [ERROR] ConditionMgr:805 - Attr not supported : Dmpu
2024-08-30 11:34:46,632 [ERROR] ConditionMgr:805 - Attr not supported : Dmpu
2024-08-30 11:34:46,632 [ERROR] ConditionMgr:805 - Attr not supported : Dmpu
2024-08-30 11:34:46,632 [ERROR] ConditionMgr:805 - Attr not supported : Dmpu
2024-08-30 11:34:46,632 [ERROR] ConditionMgr:805 - Attr not supported : Dmpu
2024-08-30 11:34:46,632 [ERROR] ConditionMgr:805 - Attr not supported : Dmpu
2024-08-30 11:34:46,632 [ERROR] ConditionMgr:805 - Attr not supported : Dmpu
2024-08-30 11:34:46,632 [ERROR] ConditionMgr:805 - Attr not supported : Dmpu
2024-08-30 11:34:46,632 [ERROR] ConditionMgr:805 - Attr not supported : Dmpu
2024-08-30 11:34:46,632 [ERROR] ConditionMgr:805 - Attr not supported : Dmpu
2024-08-30 11:34:46,632 [ERROR] ConditionMgr:805 - Attr not supported : Dmpu
2024-08-30 11:34:46,632 [ERROR] ConditionMgr:805 - Attr not supported : Dmpu
2024-08-30 11:34:46,632 [ERROR] ConditionMgr:805 - Attr not supported : Dmpu
2024-08-30 11:34:46,632 [ERROR] ConditionMgr:805 - Attr not supported : Dmpu
2024-08-30 11:34:46,632 [ERROR] ConditionMgr:805 - Attr not supported : Dmpu
2024-08-30 11:34:46,632 [ERROR] ConditionMgr:805 - Attr not supported : Dmpu
2024-08-30 11:34:46,632 [ERROR] ConditionMgr:805 - Attr not supported : Dmpu
2024-08-30 11:34:46,632 [ERROR] ConditionMgr:805 - Attr not supported : Dmpu
2024-08-30 11:34:46,632 [ERROR] ConditionMgr:805 - Attr not supported : Dmpu
2024-08-30 11:34:46,632 [ERROR] ConditionMgr:805 - Attr not supported : Dmpu
2024-08-30 11:34:46,632 [ERROR] ConditionMgr:805 - Attr not supported : Dmpu
2024-08-30 11:34:46,632 [ERROR] ConditionMgr:805 - Attr not supported : Dmpu
2024-08-30 11:34:46,632 [ERROR] ConditionMgr:805 - Attr not supported : Dmpu
2024-08-30 11:34:46,632 [ERROR] ConditionMgr:805 - Attr not supported : Dmpu
2024-08-30 11:34:46,632 [ERROR] ConditionMgr:805 - Attr not supported : Dmpu
2024-08-30 11:34:46,632 [ERROR] ConditionMgr:805 - Attr not supported : Dmpu
2024-08-30 11:34:46,632 [ERROR] ConditionMgr:805 - Attr not supported : Dmpu
2024-08-30 11:34:46,632 [ERROR] ConditionMgr:805 - Attr not supported : Dmpu
2024-08-30 11:34:46,632 [ERROR] ConditionMgr:805 - Attr not supported : Dmpu
2024-08-30 11:34:46,632 [ERROR] ConditionMgr:805 - Attr not supported : Dmpu
2024-08-30 11:34:46,632 [ERROR] ConditionMgr:805 - Attr not supported : Dmpu
2024-08-30 11:34:46,632 [ERROR] ConditionMgr:805 - Attr not supported : Dmpu
2024-08-30 11:34:46,632 [ERROR] ConditionMgr:805 - Attr not supported : Dmpu
2024-08-30 11:34:46,632 [ERROR] ConditionMgr:805 - Attr not supported : Dmpu
2024-08-30 11:34:46,633 [ERROR] ConditionMgr:805 - Attr not supported : Dmpu
2024-08-30 11:34:46,633 [ERROR] ConditionMgr:805 - Attr not supported : Dmpu
2024-08-30 11:34:46,633 [ERROR] ConditionMgr:805 - Attr not supported : Dmpu
2024-08-30 11:34:46,641 [WARN] PackLoader:240 - Cannot read IP mode file for RealThread.X-CUBE-RT-Thread_Nano.4.1.1
2024-08-30 11:34:46,648 [WARN] PackLoader:240 - Cannot read IP mode file for STMicroelectronics.FP-ATR-SIGFOX1.3.2.0
2024-08-30 11:34:46,656 [WARN] PackLoader:240 - Cannot read IP mode file for wolfSSL.I-CUBE-wolfSSL.5.7.2
2024-08-30 11:34:46,662 [WARN] PackLoader:240 - Cannot read IP mode file for STMicroelectronics.X-CUBE-EEPRMA1.5.1.0
2024-08-30 11:34:46,672 [WARN] PackLoader:240 - Cannot read IP mode file for ITTIA_DB.I-CUBE-ITTIADB.8.9.0
2024-08-30 11:34:46,692 [WARN] PackLoader:240 - Cannot read IP mode file for SEGGER.I-CUBE-embOS.1.3.1
2024-08-30 11:34:46,717 [WARN] PackLoader:240 - Cannot read IP mode file for STMicroelectronics.X-CUBE-ALGOBUILD.1.4.0
2024-08-30 11:34:46,725 [WARN] PackLoader:240 - Cannot read IP mode file for STMicroelectronics.X-CUBE-GNSS1.6.0.0
2024-08-30 11:34:46,740 [WARN] PackLoader:240 - Cannot read IP mode file for STMicroelectronics.X-CUBE-AZRTOS-F4.1.1.0
2024-08-30 11:34:46,749 [WARN] PackLoader:240 - Cannot read IP mode file for STMicroelectronics.X-CUBE-FREERTOS.1.2.0
2024-08-30 11:34:46,781 [WARN] PackLoader:240 - Cannot read IP mode file for STMicroelectronics.X-CUBE-AZRTOS-L5.2.0.0
2024-08-30 11:34:46,808 [WARN] PackLoader:240 - Cannot read IP mode file for STMicroelectronics.X-CUBE-NFC6.3.1.0
2024-08-30 11:34:46,811 [INFO] WebApp:167 - Instantiating new browser for Auth
2024-08-30 11:34:46,819 [WARN] PackLoader:240 - Cannot read IP mode file for STMicroelectronics.X-CUBE-DPower.1.2.0
2024-08-30 11:34:46,827 [WARN] PackLoader:240 - Cannot read IP mode file for STMicroelectronics.X-CUBE-AI.9.0.0
2024-08-30 11:34:46,838 [WARN] PackLoader:240 - Cannot read IP mode file for STMicroelectronics.X-CUBE-NFC7.1.0.1
2024-08-30 11:34:46,848 [WARN] PackLoader:240 - Cannot read IP mode file for wolfSSL.I-CUBE-wolfTPM.3.2.0
2024-08-30 11:34:46,867 [WARN] ConditionMgr:438 - getConditionDescription Invalid condition id : LAN8742 Phy interface Condition cause : null
2024-08-30 11:34:46,867 [WARN] PackLoader:240 - Cannot read IP mode file for STMicroelectronics.X-CUBE-AZRTOS-L4.2.0.0
2024-08-30 11:34:46,868 [WARN] ConditionMgr:1039 - genDependencies : Invalid condition id : LAN8742 Phy interface Condition cause : null
2024-08-30 11:34:46,868 [WARN] ConditionMgr:1039 - genDependencies : Invalid condition id : LAN8742 Phy interface Condition cause : null
2024-08-30 11:34:46,868 [WARN] ConditionMgr:1039 - genDependencies : Invalid condition id : LAN8742 Phy interface Condition cause : null
2024-08-30 11:34:46,878 [WARN] PackLoader:240 - Cannot read IP mode file for STMicroelectronics.X-CUBE-SFXS2LP1.4.0.0
2024-08-30 11:34:46,896 [WARN] PackLoader:240 - Cannot read IP mode file for STMicroelectronics.X-CUBE-AZRTOS-H7.3.3.0
2024-08-30 11:34:46,911 [WARN] ConditionMgr:438 - getConditionDescription Invalid condition id : UX DEVICE CLASS RTOS Condition cause : null
2024-08-30 11:34:46,911 [WARN] ConditionMgr:438 - getConditionDescription Invalid condition id : UX DEVICE CLASS RTOS Condition cause : null
2024-08-30 11:34:46,911 [WARN] PackLoader:240 - Cannot read IP mode file for STMicroelectronics.X-CUBE-AZRTOS-WB.2.0.0
2024-08-30 11:34:46,911 [WARN] ConditionMgr:1039 - genDependencies : Invalid condition id : UX DEVICE CLASS RTOS Condition cause : null
2024-08-30 11:34:46,911 [WARN] ConditionMgr:1039 - genDependencies : Invalid condition id : UX DEVICE CLASS RTOS Condition cause : null
2024-08-30 11:34:46,911 [WARN] ConditionMgr:1039 - genDependencies : Invalid condition id : UX DEVICE CLASS RTOS Condition cause : null
2024-08-30 11:34:46,911 [WARN] ConditionMgr:1039 - genDependencies : Invalid condition id : UX DEVICE CLASS RTOS Condition cause : null
2024-08-30 11:34:46,911 [WARN] ConditionMgr:1039 - genDependencies : Invalid condition id : UX DEVICE CLASS RTOS Condition cause : null
2024-08-30 11:34:46,921 [WARN] PackLoader:240 - Cannot read IP mode file for STMicroelectronics.FP-SNS-STBOX1.2.0.0
2024-08-30 11:34:46,932 [WARN] PackLoader:240 - Cannot read IP mode file for STMicroelectronics.X-CUBE-SUBG2.5.0.0
2024-08-30 11:34:46,942 [WARN] PackLoader:240 - Cannot read IP mode file for Cesanta.I-CUBE-Mongoose.7.13.0
2024-08-30 11:34:46,958 [WARN] PackLoader:240 - Cannot read IP mode file for STMicroelectronics.X-CUBE-AZRTOS-G4.2.0.0
2024-08-30 11:34:46,966 [WARN] PackLoader:240 - Cannot read IP mode file for STMicroelectronics.X-CUBE-ISPU.2.0.0
2024-08-30 11:34:46,973 [WARN] PackLoader:240 - Cannot read IP mode file for STMicroelectronics.X-CUBE-ALS.1.0.2
2024-08-30 11:34:46,998 [WARN] PackLoader:240 - Cannot read IP mode file for STMicroelectronics.X-CUBE-MEMS1.10.0.0
2024-08-30 11:34:47,096 [WARN] PackLoader:240 - Cannot read IP mode file for STMicroelectronics.X-CUBE-TOUCHGFX.4.24.0
2024-08-30 11:34:47,105 [WARN] PackLoader:240 - Cannot read IP mode file for portGmbH.I-Cube-SoM-uGOAL.1.1.0
2024-08-30 11:34:47,125 [WARN] PackLoader:240 - Cannot read IP mode file for STMicroelectronics.X-CUBE-AZRTOS-H7RS.1.0.0
2024-08-30 11:34:47,135 [WARN] PackLoader:240 - Cannot read IP mode file for STMicroelectronics.FP-ATR-ASTRA1.2.0.0
2024-08-30 11:34:47,148 [WARN] PackLoader:240 - Cannot read IP mode file for STMicroelectronics.X-CUBE-TOF1.3.4.2
2024-08-30 11:34:47,171 [WARN] PackLoader:240 - Cannot read IP mode file for Infineon.AIROC-Wi-Fi-Bluetooth-STM32.1.6.1
2024-08-30 11:34:47,181 [WARN] PackLoader:240 - Cannot read IP mode file for wolfSSL.I-CUBE-wolfSSH.1.4.17
2024-08-30 11:34:47,182 [INFO] ThirdParty:978 - Integrity check success = true
2024-08-30 11:34:47,182 [INFO] IntegrityCheckThread:100 - exiting critical section [integrity check]
2024-08-30 11:34:47,182 [INFO] IntegrityCheckThread:103 - End integrity checks thread
2024-08-30 11:34:47,823 [INFO] WebApp:448 - Apply proxy settings
2024-08-30 11:34:47,823 [INFO] WebApp:533 - Chromium requires no authentication
2024-08-30 11:34:47,830 [INFO] WebApp:476 - Direct internet connection detected
2024-08-30 11:34:47,845 [INFO] WebApp:869 - Register for checkConnection events
2024-08-30 11:34:47,845 [INFO] WebApp:448 - Apply proxy settings
2024-08-30 11:34:47,845 [INFO] WebApp:533 - Chromium requires no authentication
2024-08-30 11:34:47,845 [INFO] WebApp:476 - Direct internet connection detected
2024-08-30 11:34:47,949 [INFO] WebApp:220 - Starting web application
2024-08-30 11:34:47,949 [INFO] WebApp:578 - Web application path used C:\Nuko\Programs\STM IDE\STM32CubeIDE_1.16.0\STM32CubeIDE\plugins\com.st.stm32cube.common.mx_6.12.0.202406281431\db\plugins\mcufinder\reactClient1\index.html
2024-08-30 11:34:48,377 [INFO] WebApp:186 - Connection restablished
2024-08-30 11:59:19,738 [ERROR] LogOutputStream:75 - [STDERR_REDIRECT] 
2024-08-30 11:59:19,739 [ERROR] LogOutputStream:75 - [STDERR_REDIRECT] 
