2024-10-01 20:37:26,642 [INFO] Activator:176 - 


2024-10-01 20:37:26,646 [INFO] Activator:177 - !SESSION log4j initialized
2024-10-01 20:37:31,903 [INFO] LogOutputStream:77 - [STDOUT_REDIRECT] 
2024-10-01 20:37:35,028 [INFO] ApplicationProperties:184 - Using Application install path: C:\Nuko\Programs\STM IDE\STM32CubeIDE_1.16.0\STM32CubeIDE\plugins\com.st.stm32cube.common.mx_6.12.0.202406281431
2024-10-01 20:37:35,041 [INFO] DbMcusXml:78 - Set database path to: C:\Nuko\Programs\STM IDE\STM32CubeIDE_1.16.0\STM32CubeIDE\plugins\com.st.stm32cube.common.mx_6.12.0.202406281431\\db\/mcu/
2024-10-01 20:37:35,042 [INFO] ApiDb:274 - Set plugin database path to: C:\Nuko\Programs\STM IDE\STM32CubeIDE_1.16.0\STM32CubeIDE\plugins\com.st.stm32cube.common.mx_6.12.0.202406281431\\db\/plugins/boardmanager/
2024-10-01 20:37:35,042 [WARN] ApiDb:259 - Overriding images path with different value:  => C:\Nuko\Programs\STM IDE\STM32CubeIDE_1.16.0\STM32CubeIDE\plugins\com.st.stm32cube.common.mx_6.12.0.202406281431\\db\/plugins/mcufinder/images/
2024-10-01 20:37:35,048 [INFO] ApiDb:250 - Set database path to: C:\Users\Nuko\.stmcufinder\plugins\mcufinder//mcu/
2024-10-01 20:37:35,049 [INFO] DbMcusAds:125 - Set database path to: C:\Users\Nuko\.stmcufinder\plugins\mcufinder//mcu/
2024-10-01 20:37:35,050 [INFO] CrossReferenceDbSqlite:203 - Set database path to: C:\Users\Nuko\.stmcufinder\plugins\mcufinder//mcu/cs/
2024-10-01 20:37:35,135 [INFO] RulesReader:64 - Compatibility file has been processed (297 Rules)
2024-10-01 20:37:35,210 [INFO] DbMcusXml:78 - Set database path to: C:\Nuko\Programs\STM IDE\STM32CubeIDE_1.16.0\STM32CubeIDE\plugins\com.st.stm32cube.common.mx_6.12.0.202406281431\\db\/mcu/
2024-10-01 20:37:35,211 [INFO] ApiDb:274 - Set plugin database path to: C:\Nuko\Programs\STM IDE\STM32CubeIDE_1.16.0\STM32CubeIDE\plugins\com.st.stm32cube.common.mx_6.12.0.202406281431\\db\/plugins/boardmanager/
2024-10-01 20:37:35,211 [INFO] ApiDb:261 - Set plugin images path to: C:\Nuko\Programs\STM IDE\STM32CubeIDE_1.16.0\STM32CubeIDE\plugins\com.st.stm32cube.common.mx_6.12.0.202406281431\\db\/plugins/mcufinder/images/
2024-10-01 20:37:35,211 [WARN] DbFile:41 - Overriding database path with different value: C:\Users\Nuko\.stmcufinder\plugins\mcufinder/ => C:\Users\Nuko\.stmcufinder\plugins\mcufinder
2024-10-01 20:37:35,211 [INFO] ApiDb:250 - Set database path to: C:\Users\Nuko\.stmcufinder\plugins\mcufinder//mcu/
2024-10-01 20:37:35,211 [WARN] DbFile:41 - Overriding database path with different value: C:\Users\Nuko\.stmcufinder\plugins\mcufinder/ => C:\Users\Nuko\.stmcufinder\plugins\mcufinder
2024-10-01 20:37:35,211 [INFO] DbMcusAds:125 - Set database path to: C:\Users\Nuko\.stmcufinder\plugins\mcufinder//mcu/
2024-10-01 20:37:35,211 [WARN] DbFile:41 - Overriding database path with different value: C:\Users\Nuko\.stmcufinder\plugins\mcufinder/ => C:\Users\Nuko\.stmcufinder\plugins\mcufinder
2024-10-01 20:37:35,211 [WARN] DbFile:41 - Overriding database path with different value: C:\Users\Nuko\.stmcufinder\plugins\mcufinder/ => C:\Users\Nuko\.stmcufinder\plugins\mcufinder
2024-10-01 20:37:35,211 [INFO] CrossReferenceDbSqlite:203 - Set database path to: C:\Users\Nuko\.stmcufinder\plugins\mcufinder//mcu/cs/
2024-10-01 20:37:35,277 [INFO] MainPanel:268 - HeapMemory: 268435456
2024-10-01 20:37:35,361 [INFO] DbMcusXml:78 - Set database path to: C:\Nuko\Programs\STM IDE\STM32CubeIDE_1.16.0\STM32CubeIDE\plugins\com.st.stm32cube.common.mx_6.12.0.202406281431\\db\/mcu/
2024-10-01 20:37:35,361 [INFO] ApiDb:274 - Set plugin database path to: C:\Nuko\Programs\STM IDE\STM32CubeIDE_1.16.0\STM32CubeIDE\plugins\com.st.stm32cube.common.mx_6.12.0.202406281431\\db\/plugins/boardmanager/
2024-10-01 20:37:35,361 [INFO] ApiDb:261 - Set plugin images path to: C:\Nuko\Programs\STM IDE\STM32CubeIDE_1.16.0\STM32CubeIDE\plugins\com.st.stm32cube.common.mx_6.12.0.202406281431\\db\/plugins/mcufinder/images/
2024-10-01 20:37:35,362 [WARN] DbFile:41 - Overriding database path with different value: C:\Users\Nuko\.stmcufinder\plugins\mcufinder/ => C:\Users\Nuko\.stmcufinder\plugins\mcufinder
2024-10-01 20:37:35,362 [INFO] ApiDb:250 - Set database path to: C:\Users\Nuko\.stmcufinder\plugins\mcufinder//mcu/
2024-10-01 20:37:35,362 [WARN] DbFile:41 - Overriding database path with different value: C:\Users\Nuko\.stmcufinder\plugins\mcufinder/ => C:\Users\Nuko\.stmcufinder\plugins\mcufinder
2024-10-01 20:37:35,362 [INFO] DbMcusAds:125 - Set database path to: C:\Users\Nuko\.stmcufinder\plugins\mcufinder//mcu/
2024-10-01 20:37:35,362 [WARN] DbFile:41 - Overriding database path with different value: C:\Users\Nuko\.stmcufinder\plugins\mcufinder/ => C:\Users\Nuko\.stmcufinder\plugins\mcufinder
2024-10-01 20:37:35,362 [WARN] DbFile:41 - Overriding database path with different value: C:\Users\Nuko\.stmcufinder\plugins\mcufinder/ => C:\Users\Nuko\.stmcufinder\plugins\mcufinder
2024-10-01 20:37:35,362 [INFO] CrossReferenceDbSqlite:203 - Set database path to: C:\Users\Nuko\.stmcufinder\plugins\mcufinder//mcu/cs/
2024-10-01 20:37:35,374 [INFO] ApplicationProperties:184 - Using Application install path: C:\Nuko\Programs\STM IDE\STM32CubeIDE_1.16.0\STM32CubeIDE\plugins\com.st.stm32cube.common.mx_6.12.0.202406281431
2024-10-01 20:37:35,375 [INFO] PluginManage:196 - Search for loadable plugins [exclusion list=, ]
2024-10-01 20:37:35,376 [INFO] PluginManage:310 - Check plugin analytics
2024-10-01 20:37:35,495 [INFO] AnalyticsPlugin:253 - Accepted Software Licenses: 
2024-10-01 20:37:35,495 [INFO] AnalyticsPlugin:255 - Accepted CMSIS Pack Licenses: 
2024-10-01 20:37:35,495 [INFO] AnalyticsPlugin:257 - Accepted Firmware Licenses: FW.F4.1.28.0
2024-10-01 20:37:35,497 [INFO] PluginManage:359 - Loaded plugin analytics (category:tool,tabindex:-1)
2024-10-01 20:37:35,497 [INFO] PluginManage:310 - Check plugin cadmodel
2024-10-01 20:37:35,510 [INFO] CADModel:105 - Init CAD model plugin
2024-10-01 20:37:35,510 [INFO] PluginManage:359 - Loaded plugin cadmodel (category:power,tabindex:5)
2024-10-01 20:37:35,510 [INFO] PluginManage:310 - Check plugin clock
2024-10-01 20:37:35,526 [INFO] PluginManage:359 - Loaded plugin clock (category:base,tabindex:2)
2024-10-01 20:37:35,526 [INFO] PluginManage:310 - Check plugin ddr
2024-10-01 20:37:35,527 [INFO] PluginManage:359 - Loaded plugin ddr (category:tool,tabindex:6)
2024-10-01 20:37:35,528 [INFO] PluginManage:310 - Check plugin filemanager
2024-10-01 20:37:35,643 [INFO] PluginManage:359 - Loaded plugin filemanager (category:base,tabindex:10)
2024-10-01 20:37:35,643 [INFO] PluginManage:310 - Check plugin ipmanager
2024-10-01 20:37:35,648 [INFO] PluginManage:359 - Loaded plugin ipmanager (category:base,tabindex:5)
2024-10-01 20:37:35,648 [INFO] PluginManage:310 - Check plugin lpbam
2024-10-01 20:37:35,661 [INFO] PluginManage:359 - Loaded plugin lpbam (category:base,tabindex:0)
2024-10-01 20:37:35,661 [INFO] PluginManage:310 - Check plugin memorymap
2024-10-01 20:37:35,677 [INFO] PluginManage:359 - Loaded plugin memorymap (category:base,tabindex:4)
2024-10-01 20:37:35,677 [INFO] PluginManage:310 - Check plugin pinoutandconfiguration
2024-10-01 20:37:35,687 [INFO] PluginManage:359 - Loaded plugin pinoutandconfiguration (category:base,tabindex:1)
2024-10-01 20:37:35,687 [INFO] PluginManage:310 - Check plugin pinoutconfig
2024-10-01 20:37:35,750 [WARN] SupportedApi:132 - Cannot load RTOS API schema: s4s-elt-must-match.1: The content of 'definitions' must match (annotation?, (simpleType | complexType)?, (unique | key | keyref)*)). A problem was found starting at: attribute.
2024-10-01 20:37:35,829 [INFO] PluginManage:359 - Loaded plugin pinoutconfig (category:base,tabindex:0)
2024-10-01 20:37:35,829 [INFO] PluginManage:310 - Check plugin power
2024-10-01 20:37:35,845 [INFO] PluginManage:359 - Loaded plugin power (category:power,tabindex:4)
2024-10-01 20:37:35,845 [INFO] PluginManage:310 - Check plugin projectmanager
2024-10-01 20:37:35,855 [INFO] PluginManage:359 - Loaded plugin projectmanager (category:projectmanager,tabindex:4)
2024-10-01 20:37:35,855 [INFO] PluginManage:310 - Check plugin rif
2024-10-01 20:37:35,868 [INFO] PluginManage:359 - Loaded plugin rif (category:base,tabindex:3)
2024-10-01 20:37:35,868 [INFO] PluginManage:310 - Check plugin thirdparty
2024-10-01 20:37:36,057 [INFO] PluginManage:359 - Loaded plugin thirdparty (category:base,tabindex:-1)
2024-10-01 20:37:36,057 [WARN] IntegrityCheckThread:84 - waiting for thirdparty lock release [integrity check]
2024-10-01 20:37:36,057 [INFO] PluginManage:310 - Check plugin tools
2024-10-01 20:37:36,057 [INFO] IntegrityCheckThread:86 - entering critical section [integrity check]
2024-10-01 20:37:36,057 [INFO] ThirdPartyUpdaterWithRetryManager:70 - Updater plugin not ready yet. [1/15]
2024-10-01 20:37:36,082 [INFO] PluginManage:359 - Loaded plugin tools (category:base,tabindex:7)
2024-10-01 20:37:36,083 [INFO] PluginManage:310 - Check plugin tutovideos
2024-10-01 20:37:36,208 [INFO] PluginManage:359 - Loaded plugin tutovideos (category:base,tabindex:-1)
2024-10-01 20:37:36,208 [INFO] PluginManage:310 - Check plugin updater
2024-10-01 20:37:36,219 [INFO] PluginManage:359 - Loaded plugin updater (category:base,tabindex:12)
2024-10-01 20:37:36,219 [INFO] PluginManage:310 - Check plugin userauth
2024-10-01 20:37:36,223 [INFO] UserAuth:113 - Init User Auth plugin
2024-10-01 20:37:36,223 [INFO] PluginManage:359 - Loaded plugin userauth (category:base,tabindex:14)
2024-10-01 20:37:36,223 [INFO] PluginManage:283 - PluginManage : Loaded plugins [18]
2024-10-01 20:37:36,354 [INFO] PinOutPanel:1561 - setPackage(No Configuration,No Configuration)
2024-10-01 20:37:36,411 [INFO] CADModel:165 - CPN selected for project level
2024-10-01 20:37:36,411 [INFO] CADModel:114 - Register for checkConnection events
2024-10-01 20:37:36,431 [INFO] IPUIPlugin:80 - create IPUIPlugin
2024-10-01 20:37:36,431 [INFO] PluginManager:220 - loadIPPluginJar : add adc
2024-10-01 20:37:36,459 [INFO] IPUIPlugin:80 - create IPUIPlugin
2024-10-01 20:37:36,459 [INFO] PluginManager:220 - loadIPPluginJar : add aes
2024-10-01 20:37:36,484 [INFO] IPUIPlugin:80 - create IPUIPlugin
2024-10-01 20:37:36,484 [INFO] PluginManager:220 - loadIPPluginJar : add can
2024-10-01 20:37:36,499 [INFO] IPUIPlugin:80 - create IPUIPlugin
2024-10-01 20:37:36,499 [INFO] PluginManager:220 - loadIPPluginJar : add comp
2024-10-01 20:37:36,519 [INFO] IPUIPlugin:80 - create IPUIPlugin
2024-10-01 20:37:36,519 [INFO] PluginManager:220 - loadIPPluginJar : add cryp
2024-10-01 20:37:36,527 [INFO] IPUIPlugin:80 - create IPUIPlugin
2024-10-01 20:37:36,527 [INFO] PluginManager:220 - loadIPPluginJar : add ddr_ctrl_phy
2024-10-01 20:37:36,554 [INFO] IPUIPlugin:80 - create IPUIPlugin
2024-10-01 20:37:36,554 [INFO] PluginManager:220 - loadIPPluginJar : add dfsdm
2024-10-01 20:37:36,563 [INFO] IPUIPlugin:80 - create IPUIPlugin
2024-10-01 20:37:36,563 [INFO] PluginManager:220 - loadIPPluginJar : add dma
2024-10-01 20:37:36,604 [INFO] IPUIPlugin:80 - create IPUIPlugin
2024-10-01 20:37:36,604 [INFO] PluginManager:220 - loadIPPluginJar : add dma3
2024-10-01 20:37:36,637 [INFO] IPUIPlugin:80 - create IPUIPlugin
2024-10-01 20:37:36,637 [INFO] PluginManager:220 - loadIPPluginJar : add extmemmanager
2024-10-01 20:37:36,651 [INFO] IPUIPlugin:80 - create IPUIPlugin
2024-10-01 20:37:36,652 [INFO] PluginManager:220 - loadIPPluginJar : add fatfs
2024-10-01 20:37:36,695 [INFO] IPUIPlugin:80 - create IPUIPlugin
2024-10-01 20:37:36,695 [INFO] PluginManager:220 - loadIPPluginJar : add fmc
2024-10-01 20:37:36,706 [INFO] IPUIPlugin:80 - create IPUIPlugin
2024-10-01 20:37:36,706 [INFO] PluginManager:220 - loadIPPluginJar : add freertos
2024-10-01 20:37:36,718 [INFO] IPUIPlugin:80 - create IPUIPlugin
2024-10-01 20:37:36,718 [INFO] PluginManager:220 - loadIPPluginJar : add genericplugin
2024-10-01 20:37:36,787 [INFO] IPUIPlugin:80 - create IPUIPlugin
2024-10-01 20:37:36,787 [INFO] PluginManager:220 - loadIPPluginJar : add gfxmmu
2024-10-01 20:37:36,924 [INFO] IPUIPlugin:80 - create IPUIPlugin
2024-10-01 20:37:36,924 [INFO] PluginManager:220 - loadIPPluginJar : add gic
2024-10-01 20:37:36,935 [INFO] IPUIPlugin:80 - create IPUIPlugin
2024-10-01 20:37:36,935 [INFO] PluginManager:220 - loadIPPluginJar : add gpio
2024-10-01 20:37:37,018 [INFO] IPUIPlugin:80 - create IPUIPlugin
2024-10-01 20:37:37,018 [INFO] PluginManager:220 - loadIPPluginJar : add gtzc
2024-10-01 20:37:37,045 [INFO] IPUIPlugin:80 - create IPUIPlugin
2024-10-01 20:37:37,045 [INFO] PluginManager:220 - loadIPPluginJar : add hash
2024-10-01 20:37:37,093 [INFO] IPUIPlugin:80 - create IPUIPlugin
2024-10-01 20:37:37,093 [INFO] PluginManager:220 - loadIPPluginJar : add i2c
2024-10-01 20:37:37,127 [INFO] IPUIPlugin:80 - create IPUIPlugin
2024-10-01 20:37:37,127 [INFO] PluginManager:220 - loadIPPluginJar : add i2s
2024-10-01 20:37:37,163 [INFO] IPUIPlugin:80 - create IPUIPlugin
2024-10-01 20:37:37,163 [INFO] PluginManager:220 - loadIPPluginJar : add i3c
2024-10-01 20:37:37,250 [INFO] IPUIPlugin:80 - create IPUIPlugin
2024-10-01 20:37:37,250 [INFO] PluginManager:220 - loadIPPluginJar : add ipddr
2024-10-01 20:37:37,326 [INFO] IPUIPlugin:80 - create IPUIPlugin
2024-10-01 20:37:37,326 [INFO] PluginManager:220 - loadIPPluginJar : add linkedlist
2024-10-01 20:37:37,352 [INFO] IPUIPlugin:80 - create IPUIPlugin
2024-10-01 20:37:37,352 [INFO] PluginManager:220 - loadIPPluginJar : add lorawan
2024-10-01 20:37:37,381 [INFO] IPUIPlugin:80 - create IPUIPlugin
2024-10-01 20:37:37,382 [INFO] PluginManager:220 - loadIPPluginJar : add ltdc
2024-10-01 20:37:37,390 [INFO] IPUIPlugin:80 - create IPUIPlugin
2024-10-01 20:37:37,391 [INFO] PluginManager:220 - loadIPPluginJar : add mdma
2024-10-01 20:37:37,399 [INFO] IPUIPlugin:80 - create IPUIPlugin
2024-10-01 20:37:37,399 [INFO] PluginManager:220 - loadIPPluginJar : add nvic
2024-10-01 20:37:37,429 [INFO] IPUIPlugin:80 - create IPUIPlugin
2024-10-01 20:37:37,429 [INFO] PluginManager:220 - loadIPPluginJar : add opamp
2024-10-01 20:37:37,477 [INFO] IPUIPlugin:80 - create IPUIPlugin
2024-10-01 20:37:37,477 [INFO] PluginManager:220 - loadIPPluginJar : add openamp
2024-10-01 20:37:37,512 [INFO] IPUIPlugin:80 - create IPUIPlugin
2024-10-01 20:37:37,512 [INFO] PluginManager:220 - loadIPPluginJar : add pdm2pcm
2024-10-01 20:37:37,521 [INFO] IPUIPlugin:80 - create IPUIPlugin
2024-10-01 20:37:37,522 [INFO] PluginManager:220 - loadIPPluginJar : add plateformsettings
2024-10-01 20:37:37,540 [INFO] IPUIPlugin:80 - create IPUIPlugin
2024-10-01 20:37:37,540 [INFO] PluginManager:220 - loadIPPluginJar : add quadspi
2024-10-01 20:37:37,562 [INFO] IPUIPlugin:80 - create IPUIPlugin
2024-10-01 20:37:37,563 [INFO] PluginManager:220 - loadIPPluginJar : add radio
2024-10-01 20:37:37,571 [INFO] IPUIPlugin:80 - create IPUIPlugin
2024-10-01 20:37:37,571 [INFO] PluginManager:220 - loadIPPluginJar : add resmgrutility
2024-10-01 20:37:37,607 [INFO] IPUIPlugin:80 - create IPUIPlugin
2024-10-01 20:37:37,607 [INFO] PluginManager:220 - loadIPPluginJar : add sai
2024-10-01 20:37:37,640 [INFO] IPUIPlugin:80 - create IPUIPlugin
2024-10-01 20:37:37,640 [INFO] PluginManager:220 - loadIPPluginJar : add spi
2024-10-01 20:37:37,699 [INFO] IPUIPlugin:80 - create IPUIPlugin
2024-10-01 20:37:37,699 [INFO] PluginManager:220 - loadIPPluginJar : add stm32_wpan
2024-10-01 20:37:37,718 [INFO] IPUIPlugin:80 - create IPUIPlugin
2024-10-01 20:37:37,718 [INFO] PluginManager:220 - loadIPPluginJar : add tim
2024-10-01 20:37:37,774 [INFO] IPUIPlugin:80 - create IPUIPlugin
2024-10-01 20:37:37,774 [INFO] PluginManager:220 - loadIPPluginJar : add touchsensing
2024-10-01 20:37:37,789 [INFO] IPUIPlugin:80 - create IPUIPlugin
2024-10-01 20:37:37,790 [INFO] PluginManager:220 - loadIPPluginJar : add tracer_emb
2024-10-01 20:37:37,810 [INFO] IPUIPlugin:80 - create IPUIPlugin
2024-10-01 20:37:37,810 [INFO] PluginManager:220 - loadIPPluginJar : add ts
2024-10-01 20:37:37,827 [INFO] IPUIPlugin:80 - create IPUIPlugin
2024-10-01 20:37:37,827 [INFO] PluginManager:220 - loadIPPluginJar : add tsc
2024-10-01 20:37:37,845 [INFO] IPUIPlugin:80 - create IPUIPlugin
2024-10-01 20:37:37,845 [INFO] PluginManager:220 - loadIPPluginJar : add ucpd
2024-10-01 20:37:37,878 [INFO] IPUIPlugin:80 - create IPUIPlugin
2024-10-01 20:37:37,878 [INFO] PluginManager:220 - loadIPPluginJar : add usart
2024-10-01 20:37:37,920 [INFO] IPUIPlugin:80 - create IPUIPlugin
2024-10-01 20:37:37,920 [INFO] PluginManager:220 - loadIPPluginJar : add usbx
2024-10-01 20:37:38,028 [INFO] CADModel:165 - CPN selected for project level
2024-10-01 20:37:38,028 [INFO] CADModel:114 - Register for checkConnection events
2024-10-01 20:37:38,029 [FATAL] Updater:334 - Updater called before beeing initialized
2024-10-01 20:37:38,029 [ERROR] CADModel:125 - Updater not yet initialized, retry later 
2024-10-01 20:37:38,122 [INFO] CADModel:165 - CPN selected for project level
2024-10-01 20:37:38,122 [INFO] CADModel:114 - Register for checkConnection events
2024-10-01 20:37:38,122 [FATAL] Updater:334 - Updater called before beeing initialized
2024-10-01 20:37:38,122 [ERROR] CADModel:125 - Updater not yet initialized, retry later 
2024-10-01 20:37:38,124 [FATAL] Updater:334 - Updater called before beeing initialized
2024-10-01 20:37:38,183 [FATAL] Updater:334 - Updater called before beeing initialized
2024-10-01 20:37:38,190 [INFO] DbMcusAds:53 - JSON generation date=Thu May 16 16:22:00 GMT+07:00 2024 (1715851320667)
2024-10-01 20:37:38,190 [FATAL] Updater:334 - Updater called before beeing initialized
2024-10-01 20:37:38,218 [WARN] DetailPanel:346 - Failed to get advertising image, set to default
2024-10-01 20:37:38,273 [FATAL] Updater:334 - Updater called before beeing initialized
2024-10-01 20:37:38,276 [FATAL] Updater:334 - Updater called before beeing initialized
2024-10-01 20:37:38,276 [FATAL] Updater:334 - Updater called before beeing initialized
2024-10-01 20:37:38,289 [WARN] DetailPanel:346 - Failed to get advertising image, set to default
2024-10-01 20:37:38,290 [FATAL] Updater:334 - Updater called before beeing initialized
2024-10-01 20:37:38,341 [ERROR] Updater:1164 - MainUpdater not yet initialized. External WinMGr cannot be set.
2024-10-01 20:37:38,348 [INFO] Updater:1100 - Updater Version found : 6.12.0
2024-10-01 20:37:38,359 [INFO] ApplicationProperties:184 - Using Application install path: C:\Nuko\Programs\STM IDE\STM32CubeIDE_1.16.0\STM32CubeIDE\plugins\com.st.stm32cube.common.mx_6.12.0.202406281431
2024-10-01 20:37:39,058 [INFO] ThirdPartyUpdaterWithRetryManager:70 - Updater plugin not ready yet. [2/15]
2024-10-01 20:37:39,928 [ERROR] LogOutputStream:75 - [STDERR_REDIRECT] Oct 01, 2024 8:37:39 PM java.util.prefs.WindowsPreferences <init>
2024-10-01 20:37:39,929 [ERROR] LogOutputStream:75 - [STDERR_REDIRECT] WARNING: Could not open/create prefs root node Software\JavaSoft\Prefs at root 0xffffffff80000002. Windows RegCreateKeyEx(...) returned error code 5.
2024-10-01 20:37:39,929 [ERROR] LogOutputStream:75 - [STDERR_REDIRECT] 
2024-10-01 20:37:40,160 [INFO] MainUpdater:2873 - connection check result : 10
2024-10-01 20:37:40,160 [INFO] MainUpdater:3567 - Updater definition file requires update
2024-10-01 20:37:40,160 [INFO] MainUpdater:290 - Updater Check For Update Now.
2024-10-01 20:37:40,160 [INFO] MicroXplorer:498 - Change Database Version : DB.6.0.120
2024-10-01 20:37:40,170 [INFO] McuFinderGlobals:63 - Set McuFinder mode to 2 (CubeIDE integrated)
2024-10-01 20:37:40,170 [INFO] UserAuth:179 - activating auth plugin
2024-10-01 20:37:40,172 [INFO] UserAuth:417 - Internet connection configuration mode: 1
2024-10-01 20:37:40,188 [INFO] JxBrowserEngine:152 - Initiate JxBrowser Engine with user profile folder
2024-10-01 20:37:40,197 [INFO] ServerAccessManage:473 - Download File updaters.zip
2024-10-01 20:37:40,247 [INFO] FileExtend:240 - Unzip File : updaters.zip
2024-10-01 20:37:40,248 [INFO] FileExtend:255 - Standard Zip Deflate
2024-10-01 20:37:40,484 [INFO] ServerAccessManage:473 - Download File PacksControlFlags.xml
2024-10-01 20:37:40,522 [INFO] ServerAccessManage:473 - Download File cubemx.pidx
2024-10-01 20:37:40,752 [INFO] ServerAccessManage:473 - Download File STMicroelectronics.X-CUBE-AI.pdsc
2024-10-01 20:37:41,241 [INFO] ServerAccessManage:473 - Download File STMicroelectronics.X-CUBE-ISPU.pdsc
2024-10-01 20:37:41,439 [INFO] ServerAccessManage:473 - Download File STMicroelectronics.X-CUBE-NFC9.pdsc
2024-10-01 20:37:41,493 [INFO] ServerAccessManage:473 - Download File STMicroelectronics.X-CUBE-NFC10.pdsc
2024-10-01 20:37:41,619 [INFO] ServerAccessManage:473 - Download File STMicroelectronics.X-CUBE-TOUCHGFX.pdsc
2024-10-01 20:37:42,059 [WARN] MainUpdater:1194 - Updater busy. Cannot search thirdparties
2024-10-01 20:37:42,059 [INFO] ThirdPartyUpdaterWithRetryManager:96 - Updater plugin is busy. [1/15]
2024-10-01 20:37:42,756 [WARN] PackLoader:240 - Cannot read IP mode file for STMicroelectronics.X-CUBE-AI.9.1.0
2024-10-01 20:37:42,761 [WARN] PackLoader:240 - Cannot read IP mode file for STMicroelectronics.X-CUBE-ISPU.2.1.0
2024-10-01 20:37:42,771 [WARN] PackLoader:240 - Cannot read IP mode file for STMicroelectronics.X-CUBE-NFC9.1.0.0
2024-10-01 20:37:42,776 [WARN] PackLoader:240 - Cannot read IP mode file for STMicroelectronics.X-CUBE-NFC10.1.0.0
2024-10-01 20:37:42,780 [WARN] PackLoader:240 - Cannot read IP mode file for STMicroelectronics.X-CUBE-TOUCHGFX.4.24.1
2024-10-01 20:37:42,780 [INFO] PopulateThirdPartyThread:66 - Ending populate Thread
2024-10-01 20:37:42,782 [INFO] ThirdParty:1030 - CMSIS Pack Vendor :STMicroelectronics X-CUBE-NFC9 1.0.0
2024-10-01 20:37:42,782 [INFO] ThirdParty:1030 - CMSIS Pack Vendor :STMicroelectronics X-CUBE-AI 9.1.0
2024-10-01 20:37:42,782 [INFO] ThirdParty:1030 - CMSIS Pack Vendor :STMicroelectronics X-CUBE-NFC10 1.0.0
2024-10-01 20:37:42,782 [INFO] ThirdParty:1030 - CMSIS Pack Vendor :STMicroelectronics X-CUBE-TOUCHGFX 4.24.1
2024-10-01 20:37:42,782 [INFO] ThirdParty:1030 - CMSIS Pack Vendor :STMicroelectronics X-CUBE-ISPU 2.1.0
2024-10-01 20:37:42,782 [INFO] LoadServerUpdatesThread:375 - End of LoadServerUpdate Thread
2024-10-01 20:37:42,813 [INFO] CheckServerUpdateThread:120 - End of CheckServer Thread
2024-10-01 20:37:42,852 [INFO] WebApp:167 - Instantiating new browser for Auth
2024-10-01 20:37:43,294 [INFO] WebApp:448 - Apply proxy settings
2024-10-01 20:37:43,294 [INFO] WebApp:533 - Chromium requires no authentication
2024-10-01 20:37:43,302 [INFO] WebApp:476 - Direct internet connection detected
2024-10-01 20:37:43,318 [INFO] WebApp:869 - Register for checkConnection events
2024-10-01 20:37:43,318 [INFO] WebApp:448 - Apply proxy settings
2024-10-01 20:37:43,318 [INFO] WebApp:533 - Chromium requires no authentication
2024-10-01 20:37:43,319 [INFO] WebApp:476 - Direct internet connection detected
2024-10-01 20:37:43,430 [INFO] WebApp:220 - Starting web application
2024-10-01 20:37:43,430 [INFO] WebApp:578 - Web application path used C:\Nuko\Programs\STM IDE\STM32CubeIDE_1.16.0\STM32CubeIDE\plugins\com.st.stm32cube.common.mx_6.12.0.202406281431\db\plugins\mcufinder\reactClient1\index.html
2024-10-01 20:37:43,623 [INFO] WebApp:186 - Connection restablished
2024-10-01 20:37:45,139 [WARN] PackLoader:240 - Cannot read IP mode file for STMicroelectronics.FP-SNS-MOTENVWB1.1.4.0
2024-10-01 20:37:45,149 [WARN] PackLoader:240 - Cannot read IP mode file for STMicroelectronics.X-CUBE-SMBUS.2.1.0
2024-10-01 20:37:45,172 [WARN] PackLoader:240 - Cannot read IP mode file for STMicroelectronics.X-CUBE-AZRTOS-F7.1.1.0
2024-10-01 20:37:45,214 [WARN] PackLoader:240 - Cannot read IP mode file for STMicroelectronics.X-CUBE-MEMS1.11.0.0
2024-10-01 20:37:45,295 [WARN] PackLoader:240 - Cannot read IP mode file for STMicroelectronics.FP-SNS-FLIGHT1.5.0.2
2024-10-01 20:37:45,306 [WARN] PackLoader:240 - Cannot read IP mode file for STMicroelectronics.X-CUBE-DISPLAY.3.0.0
2024-10-01 20:37:45,317 [WARN] PackLoader:240 - Cannot read IP mode file for STMicroelectronics.X-CUBE-BLE1.7.0.0
2024-10-01 20:37:45,320 [WARN] PackLoader:240 - Cannot read IP mode file for STMicroelectronics.X-CUBE-NFC10.1.0.0
2024-10-01 20:37:45,328 [WARN] PackLoader:240 - Cannot read IP mode file for emotas.I-CUBE-CANOPEN.1.3.0
2024-10-01 20:37:45,338 [WARN] PackLoader:240 - Cannot read IP mode file for STMicroelectronics.X-CUBE-BLEMGR.3.1.0
2024-10-01 20:37:45,346 [WARN] PackLoader:240 - Cannot read IP mode file for STMicroelectronics.FP-SNS-SMARTAG2.1.2.0
2024-10-01 20:37:45,358 [INFO] LogOutputStream:77 - [STDOUT_REDIRECT] 1 : Invalid condition id : UX_CORESTACK_Condition cause : null
2024-10-01 20:37:45,360 [INFO] LogOutputStream:77 - [STDOUT_REDIRECT] 1 : Invalid condition id : UX_CORESTACK_Condition cause : null
2024-10-01 20:37:45,360 [INFO] LogOutputStream:77 - [STDOUT_REDIRECT] 1 : Invalid condition id : UX_CORESTACK_Condition cause : null
2024-10-01 20:37:45,362 [INFO] LogOutputStream:77 - [STDOUT_REDIRECT] 1 : Invalid condition id : UX_CORESTACK_Condition cause : null
2024-10-01 20:37:45,362 [INFO] LogOutputStream:77 - [STDOUT_REDIRECT] 1 : Invalid condition id : UX_CORESTACK_Condition cause : null
2024-10-01 20:37:45,364 [WARN] PackLoader:240 - Cannot read IP mode file for STMicroelectronics.X-CUBE-AZRTOS-WL.2.0.0
2024-10-01 20:37:45,373 [WARN] PackLoader:240 - Cannot read IP mode file for STMicroelectronics.FP-SNS-MOTENV1.5.0.0
2024-10-01 20:37:45,377 [WARN] PackLoader:240 - Cannot read IP mode file for wolfSSL.I-CUBE-wolfMQTT.1.19.0
2024-10-01 20:37:45,385 [WARN] PackLoader:240 - Cannot read IP mode file for WES.I-CUBE-Cesium.1.3.0
2024-10-01 20:37:45,393 [WARN] PackLoader:240 - Cannot read IP mode file for STMicroelectronics.X-CUBE-BLE2.3.3.0
2024-10-01 20:37:45,397 [WARN] PackLoader:240 - Cannot read IP mode file for STMicroelectronics.X-CUBE-NFC9.1.0.0
2024-10-01 20:37:45,405 [WARN] PackLoader:240 - Cannot read IP mode file for STMicroelectronics.X-CUBE-TCPP.4.1.0
2024-10-01 20:37:45,423 [WARN] PackLoader:240 - Cannot read IP mode file for STMicroelectronics.X-CUBE-AZRTOS-G0.1.1.0
2024-10-01 20:37:45,432 [WARN] PackLoader:240 - Cannot read IP mode file for STMicroelectronics.X-CUBE-SAFEA1.1.2.2
2024-10-01 20:37:45,443 [WARN] PackLoader:240 - Cannot read IP mode file for STMicroelectronics.X-CUBE-NFC4.3.0.0
2024-10-01 20:37:45,456 [WARN] PackLoader:240 - Cannot read IP mode file for EmbeddedOffice.I-CUBE-FS-RTOS.1.0.1
2024-10-01 20:37:45,456 [ERROR] ConditionMgr:805 - Attr not supported : Dmpu
2024-10-01 20:37:45,456 [ERROR] ConditionMgr:805 - Attr not supported : Dmpu
2024-10-01 20:37:45,456 [ERROR] ConditionMgr:805 - Attr not supported : Dmpu
2024-10-01 20:37:45,456 [ERROR] ConditionMgr:805 - Attr not supported : Dmpu
2024-10-01 20:37:45,456 [ERROR] ConditionMgr:805 - Attr not supported : Dmpu
2024-10-01 20:37:45,456 [ERROR] ConditionMgr:805 - Attr not supported : Dmpu
2024-10-01 20:37:45,456 [ERROR] ConditionMgr:805 - Attr not supported : Dmpu
2024-10-01 20:37:45,456 [ERROR] ConditionMgr:805 - Attr not supported : Dmpu
2024-10-01 20:37:45,456 [ERROR] ConditionMgr:805 - Attr not supported : Dmpu
2024-10-01 20:37:45,456 [ERROR] ConditionMgr:805 - Attr not supported : Dmpu
2024-10-01 20:37:45,456 [ERROR] ConditionMgr:805 - Attr not supported : Dmpu
2024-10-01 20:37:45,456 [ERROR] ConditionMgr:805 - Attr not supported : Dmpu
2024-10-01 20:37:45,456 [ERROR] ConditionMgr:805 - Attr not supported : Dmpu
2024-10-01 20:37:45,456 [ERROR] ConditionMgr:805 - Attr not supported : Dmpu
2024-10-01 20:37:45,456 [ERROR] ConditionMgr:805 - Attr not supported : Dmpu
2024-10-01 20:37:45,456 [ERROR] ConditionMgr:805 - Attr not supported : Dmpu
2024-10-01 20:37:45,456 [ERROR] ConditionMgr:805 - Attr not supported : Dmpu
2024-10-01 20:37:45,456 [ERROR] ConditionMgr:805 - Attr not supported : Dmpu
2024-10-01 20:37:45,456 [ERROR] ConditionMgr:805 - Attr not supported : Dmpu
2024-10-01 20:37:45,456 [ERROR] ConditionMgr:805 - Attr not supported : Dmpu
2024-10-01 20:37:45,456 [ERROR] ConditionMgr:805 - Attr not supported : Dmpu
2024-10-01 20:37:45,456 [ERROR] ConditionMgr:805 - Attr not supported : Dmpu
2024-10-01 20:37:45,456 [ERROR] ConditionMgr:805 - Attr not supported : Dmpu
2024-10-01 20:37:45,456 [ERROR] ConditionMgr:805 - Attr not supported : Dmpu
2024-10-01 20:37:45,456 [ERROR] ConditionMgr:805 - Attr not supported : Dmpu
2024-10-01 20:37:45,456 [ERROR] ConditionMgr:805 - Attr not supported : Dmpu
2024-10-01 20:37:45,456 [ERROR] ConditionMgr:805 - Attr not supported : Dmpu
2024-10-01 20:37:45,456 [ERROR] ConditionMgr:805 - Attr not supported : Dmpu
2024-10-01 20:37:45,456 [ERROR] ConditionMgr:805 - Attr not supported : Dmpu
2024-10-01 20:37:45,456 [ERROR] ConditionMgr:805 - Attr not supported : Dmpu
2024-10-01 20:37:45,456 [ERROR] ConditionMgr:805 - Attr not supported : Dmpu
2024-10-01 20:37:45,456 [ERROR] ConditionMgr:805 - Attr not supported : Dmpu
2024-10-01 20:37:45,456 [ERROR] ConditionMgr:805 - Attr not supported : Dmpu
2024-10-01 20:37:45,456 [ERROR] ConditionMgr:805 - Attr not supported : Dmpu
2024-10-01 20:37:45,457 [ERROR] ConditionMgr:805 - Attr not supported : Dmpu
2024-10-01 20:37:45,457 [ERROR] ConditionMgr:805 - Attr not supported : Dmpu
2024-10-01 20:37:45,457 [ERROR] ConditionMgr:805 - Attr not supported : Dmpu
2024-10-01 20:37:45,457 [ERROR] ConditionMgr:805 - Attr not supported : Dmpu
2024-10-01 20:37:45,457 [ERROR] ConditionMgr:805 - Attr not supported : Dmpu
2024-10-01 20:37:45,457 [ERROR] ConditionMgr:805 - Attr not supported : Dmpu
2024-10-01 20:37:45,457 [ERROR] ConditionMgr:805 - Attr not supported : Dmpu
2024-10-01 20:37:45,457 [ERROR] ConditionMgr:805 - Attr not supported : Dmpu
2024-10-01 20:37:45,457 [ERROR] ConditionMgr:805 - Attr not supported : Dmpu
2024-10-01 20:37:45,457 [ERROR] ConditionMgr:805 - Attr not supported : Dmpu
2024-10-01 20:37:45,457 [ERROR] ConditionMgr:805 - Attr not supported : Dmpu
2024-10-01 20:37:45,457 [ERROR] ConditionMgr:805 - Attr not supported : Dmpu
2024-10-01 20:37:45,457 [ERROR] ConditionMgr:805 - Attr not supported : Dmpu
2024-10-01 20:37:45,457 [ERROR] ConditionMgr:805 - Attr not supported : Dmpu
2024-10-01 20:37:45,457 [ERROR] ConditionMgr:805 - Attr not supported : Dmpu
2024-10-01 20:37:45,457 [ERROR] ConditionMgr:805 - Attr not supported : Dmpu
2024-10-01 20:37:45,457 [ERROR] ConditionMgr:805 - Attr not supported : Dmpu
2024-10-01 20:37:45,457 [ERROR] ConditionMgr:805 - Attr not supported : Dmpu
2024-10-01 20:37:45,457 [ERROR] ConditionMgr:805 - Attr not supported : Dmpu
2024-10-01 20:37:45,457 [ERROR] ConditionMgr:805 - Attr not supported : Dmpu
2024-10-01 20:37:45,457 [ERROR] ConditionMgr:805 - Attr not supported : Dmpu
2024-10-01 20:37:45,457 [ERROR] ConditionMgr:805 - Attr not supported : Dmpu
2024-10-01 20:37:45,457 [ERROR] ConditionMgr:805 - Attr not supported : Dmpu
2024-10-01 20:37:45,457 [ERROR] ConditionMgr:805 - Attr not supported : Dmpu
2024-10-01 20:37:45,457 [ERROR] ConditionMgr:805 - Attr not supported : Dmpu
2024-10-01 20:37:45,457 [ERROR] ConditionMgr:805 - Attr not supported : Dmpu
2024-10-01 20:37:45,457 [ERROR] ConditionMgr:805 - Attr not supported : Dmpu
2024-10-01 20:37:45,457 [ERROR] ConditionMgr:805 - Attr not supported : Dmpu
2024-10-01 20:37:45,457 [ERROR] ConditionMgr:805 - Attr not supported : Dmpu
2024-10-01 20:37:45,457 [ERROR] ConditionMgr:805 - Attr not supported : Dmpu
2024-10-01 20:37:45,466 [WARN] PackLoader:240 - Cannot read IP mode file for RealThread.X-CUBE-RT-Thread_Nano.4.1.1
2024-10-01 20:37:45,469 [WARN] PackLoader:240 - Cannot read IP mode file for STMicroelectronics.FP-ATR-SIGFOX1.3.2.0
2024-10-01 20:37:45,478 [WARN] PackLoader:240 - Cannot read IP mode file for wolfSSL.I-CUBE-wolfSSL.5.7.2
2024-10-01 20:37:45,488 [WARN] PackLoader:240 - Cannot read IP mode file for STMicroelectronics.X-CUBE-EEPRMA1.5.1.0
2024-10-01 20:37:45,499 [WARN] PackLoader:240 - Cannot read IP mode file for ITTIA_DB.I-CUBE-ITTIADB.8.9.0
2024-10-01 20:37:45,528 [WARN] PackLoader:240 - Cannot read IP mode file for SEGGER.I-CUBE-embOS.1.3.1
2024-10-01 20:37:45,555 [WARN] PackLoader:240 - Cannot read IP mode file for STMicroelectronics.X-CUBE-ALGOBUILD.1.4.0
2024-10-01 20:37:45,558 [WARN] PackLoader:240 - Cannot read IP mode file for STMicroelectronics.X-CUBE-AI.9.1.0
2024-10-01 20:37:45,566 [WARN] PackLoader:240 - Cannot read IP mode file for STMicroelectronics.X-CUBE-GNSS1.6.0.0
2024-10-01 20:37:45,583 [WARN] PackLoader:240 - Cannot read IP mode file for STMicroelectronics.X-CUBE-AZRTOS-F4.1.1.0
2024-10-01 20:37:45,586 [WARN] PackLoader:240 - Cannot read IP mode file for STMicroelectronics.X-CUBE-ISPU.2.1.0
2024-10-01 20:37:45,595 [WARN] PackLoader:240 - Cannot read IP mode file for STMicroelectronics.X-CUBE-FREERTOS.1.2.0
2024-10-01 20:37:45,611 [WARN] PackLoader:240 - Cannot read IP mode file for STMicroelectronics.X-CUBE-AZRTOS-L5.2.0.0
2024-10-01 20:37:45,621 [WARN] PackLoader:240 - Cannot read IP mode file for STMicroelectronics.X-CUBE-NFC6.3.1.0
2024-10-01 20:37:45,633 [WARN] PackLoader:240 - Cannot read IP mode file for STMicroelectronics.X-CUBE-DPower.1.2.0
2024-10-01 20:37:45,642 [WARN] PackLoader:240 - Cannot read IP mode file for STMicroelectronics.X-CUBE-AI.9.0.0
2024-10-01 20:37:45,654 [WARN] PackLoader:240 - Cannot read IP mode file for STMicroelectronics.X-CUBE-NFC7.1.0.1
2024-10-01 20:37:45,658 [WARN] PackLoader:240 - Cannot read IP mode file for wolfSSL.I-CUBE-wolfTPM.3.2.0
2024-10-01 20:37:45,677 [WARN] ConditionMgr:438 - getConditionDescription Invalid condition id : LAN8742 Phy interface Condition cause : null
2024-10-01 20:37:45,677 [WARN] PackLoader:240 - Cannot read IP mode file for STMicroelectronics.X-CUBE-AZRTOS-L4.2.0.0
2024-10-01 20:37:45,678 [WARN] ConditionMgr:1039 - genDependencies : Invalid condition id : LAN8742 Phy interface Condition cause : null
2024-10-01 20:37:45,678 [WARN] ConditionMgr:1039 - genDependencies : Invalid condition id : LAN8742 Phy interface Condition cause : null
2024-10-01 20:37:45,678 [WARN] ConditionMgr:1039 - genDependencies : Invalid condition id : LAN8742 Phy interface Condition cause : null
2024-10-01 20:37:45,689 [WARN] PackLoader:240 - Cannot read IP mode file for STMicroelectronics.X-CUBE-SFXS2LP1.4.0.0
2024-10-01 20:37:45,714 [WARN] PackLoader:240 - Cannot read IP mode file for STMicroelectronics.X-CUBE-AZRTOS-H7.3.3.0
2024-10-01 20:37:45,731 [WARN] ConditionMgr:438 - getConditionDescription Invalid condition id : UX DEVICE CLASS RTOS Condition cause : null
2024-10-01 20:37:45,731 [WARN] ConditionMgr:438 - getConditionDescription Invalid condition id : UX DEVICE CLASS RTOS Condition cause : null
2024-10-01 20:37:45,732 [WARN] PackLoader:240 - Cannot read IP mode file for STMicroelectronics.X-CUBE-AZRTOS-WB.2.0.0
2024-10-01 20:37:45,732 [WARN] ConditionMgr:1039 - genDependencies : Invalid condition id : UX DEVICE CLASS RTOS Condition cause : null
2024-10-01 20:37:45,732 [WARN] ConditionMgr:1039 - genDependencies : Invalid condition id : UX DEVICE CLASS RTOS Condition cause : null
2024-10-01 20:37:45,732 [WARN] ConditionMgr:1039 - genDependencies : Invalid condition id : UX DEVICE CLASS RTOS Condition cause : null
2024-10-01 20:37:45,732 [WARN] ConditionMgr:1039 - genDependencies : Invalid condition id : UX DEVICE CLASS RTOS Condition cause : null
2024-10-01 20:37:45,732 [WARN] ConditionMgr:1039 - genDependencies : Invalid condition id : UX DEVICE CLASS RTOS Condition cause : null
2024-10-01 20:37:45,740 [WARN] PackLoader:240 - Cannot read IP mode file for STMicroelectronics.X-CUBE-GNSS1.7.0.0
2024-10-01 20:37:45,749 [WARN] PackLoader:240 - Cannot read IP mode file for STMicroelectronics.FP-SNS-STBOX1.2.0.0
2024-10-01 20:37:45,764 [WARN] PackLoader:240 - Cannot read IP mode file for STMicroelectronics.X-CUBE-SUBG2.5.0.0
2024-10-01 20:37:45,768 [WARN] PackLoader:240 - Cannot read IP mode file for Cesanta.I-CUBE-Mongoose.7.13.0
2024-10-01 20:37:45,783 [WARN] PackLoader:240 - Cannot read IP mode file for STMicroelectronics.X-CUBE-AZRTOS-G4.2.0.0
2024-10-01 20:37:45,792 [WARN] PackLoader:240 - Cannot read IP mode file for STMicroelectronics.X-CUBE-ISPU.2.0.0
2024-10-01 20:37:45,800 [WARN] PackLoader:240 - Cannot read IP mode file for STMicroelectronics.X-CUBE-ALS.1.0.2
2024-10-01 20:37:45,835 [WARN] PackLoader:240 - Cannot read IP mode file for STMicroelectronics.X-CUBE-MEMS1.10.0.0
2024-10-01 20:37:45,903 [WARN] PackLoader:240 - Cannot read IP mode file for STMicroelectronics.X-CUBE-TOUCHGFX.4.24.0
2024-10-01 20:37:45,905 [WARN] PackLoader:240 - Cannot read IP mode file for STMicroelectronics.X-CUBE-TOUCHGFX.4.24.1
2024-10-01 20:37:45,914 [WARN] PackLoader:240 - Cannot read IP mode file for portGmbH.I-Cube-SoM-uGOAL.1.1.0
2024-10-01 20:37:45,931 [WARN] PackLoader:240 - Cannot read IP mode file for STMicroelectronics.X-CUBE-AZRTOS-H7RS.1.0.0
2024-10-01 20:37:45,934 [WARN] PackLoader:240 - Cannot read IP mode file for STMicroelectronics.FP-ATR-ASTRA1.2.0.0
2024-10-01 20:37:45,946 [WARN] PackLoader:240 - Cannot read IP mode file for STMicroelectronics.X-CUBE-TOF1.3.4.2
2024-10-01 20:37:45,967 [WARN] PackLoader:240 - Cannot read IP mode file for Infineon.AIROC-Wi-Fi-Bluetooth-STM32.1.6.1
2024-10-01 20:37:45,971 [WARN] PackLoader:240 - Cannot read IP mode file for wolfSSL.I-CUBE-wolfSSH.1.4.17
2024-10-01 20:37:45,972 [INFO] ThirdParty:978 - Integrity check success = true
2024-10-01 20:37:45,972 [INFO] IntegrityCheckThread:100 - exiting critical section [integrity check]
2024-10-01 20:37:45,972 [INFO] IntegrityCheckThread:103 - End integrity checks thread
2024-10-01 20:39:29,271 [ERROR] LogOutputStream:75 - [STDERR_REDIRECT] 
2024-10-01 20:39:29,273 [ERROR] LogOutputStream:75 - [STDERR_REDIRECT] 
